{"/media/WINKING/opt2/casper/casper-escrow/www/apps/api/src/app/app.controller.ts": {"path":"/media/WINKING/opt2/casper/casper-escrow/www/apps/api/src/app/app.controller.ts","statementMap":{"0":{"start":{"line":2,"column":0},"end":{"line":2,"column":56}},"1":{"start":{"line":3,"column":0},"end":{"line":3,"column":43}},"2":{"start":{"line":6,"column":7},"end":{"line":25,"column":null}},"3":{"start":{"line":7,"column":31},"end":{"line":7,"column":43}},"4":{"start":{"line":11,"column":4},"end":{"line":11,"column":38}},"5":{"start":{"line":19,"column":4},"end":{"line":23,"column":null}},"6":{"start":{"line":20,"column":6},"end":{"line":20,"column":63}},"7":{"start":{"line":22,"column":6},"end":{"line":22,"column":56}},"8":{"start":{"line":9,"column":2},"end":{"line":12,"column":null}},"9":{"start":{"line":15,"column":8},"end":{"line":24,"column":null}},"10":{"start":{"line":6,"column":13},"end":{"line":25,"column":null}},"11":{"start":{"line":6,"column":13},"end":{"line":6,"column":26}}},"fnMap":{"0":{"name":"(anonymous_0)","decl":{"start":{"line":7,"column":2},"end":{"line":7,"column":31}},"loc":{"start":{"line":7,"column":53},"end":{"line":7,"column":58}}},"1":{"name":"(anonymous_1)","decl":{"start":{"line":10,"column":2},"end":{"line":10,"column":10}},"loc":{"start":{"line":10,"column":10},"end":{"line":12,"column":3}}},"2":{"name":"(anonymous_2)","decl":{"start":{"line":15,"column":8},"end":{"line":15,"column":16}},"loc":{"start":{"line":17,"column":36},"end":{"line":24,"column":null}}}},"branchMap":{},"s":{"0":1,"1":1,"2":1,"3":1,"4":1,"5":5,"6":5,"7":1,"8":1,"9":1,"10":1,"11":1},"f":{"0":1,"1":1,"2":5},"b":{}}
,"/media/WINKING/opt2/casper/casper-escrow/www/apps/api/src/app/app.service.ts": {"path":"/media/WINKING/opt2/casper/casper-escrow/www/apps/api/src/app/app.service.ts","statementMap":{"0":{"start":{"line":1,"column":0},"end":{"line":1,"column":44}},"1":{"start":{"line":3,"column":0},"end":{"line":3,"column":58}},"2":{"start":{"line":4,"column":0},"end":{"line":4,"column":73}},"3":{"start":{"line":7,"column":0},"end":{"line":7,"column":57}},"4":{"start":{"line":8,"column":0},"end":{"line":8,"column":60}},"5":{"start":{"line":11,"column":7},"end":{"line":119,"column":null}},"6":{"start":{"line":14,"column":21},"end":{"line":14,"column":29}},"7":{"start":{"line":15,"column":21},"end":{"line":15,"column":30}},"8":{"start":{"line":19,"column":4},"end":{"line":19,"column":29}},"9":{"start":{"line":23,"column":4},"end":{"line":27,"column":7}},"10":{"start":{"line":24,"column":22},"end":{"line":24,"column":45}},"11":{"start":{"line":25,"column":6},"end":{"line":25,"column":72}},"12":{"start":{"line":26,"column":6},"end":{"line":26,"column":18}},"13":{"start":{"line":31,"column":26},"end":{"line":31,"column":82}},"14":{"start":{"line":32,"column":4},"end":{"line":34,"column":null}},"15":{"start":{"line":33,"column":6},"end":{"line":33,"column":43}},"16":{"start":{"line":35,"column":4},"end":{"line":35,"column":25}},"17":{"start":{"line":39,"column":4},"end":{"line":39,"column":103}},"18":{"start":{"line":43,"column":20},"end":{"line":43,"column":80}},"19":{"start":{"line":44,"column":4},"end":{"line":44,"column":23}},"20":{"start":{"line":48,"column":23},"end":{"line":48,"column":140}},"21":{"start":{"line":49,"column":4},"end":{"line":51,"column":null}},"22":{"start":{"line":50,"column":6},"end":{"line":50,"column":40}},"23":{"start":{"line":52,"column":4},"end":{"line":52,"column":22}},"24":{"start":{"line":56,"column":24},"end":{"line":56,"column":101}},"25":{"start":{"line":57,"column":4},"end":{"line":57,"column":23}},"26":{"start":{"line":61,"column":4},"end":{"line":63,"column":null}},"27":{"start":{"line":62,"column":6},"end":{"line":62,"column":58}},"28":{"start":{"line":64,"column":22},"end":{"line":64,"column":103}},"29":{"start":{"line":65,"column":4},"end":{"line":68,"column":null}},"30":{"start":{"line":66,"column":22},"end":{"line":66,"column":42}},"31":{"start":{"line":67,"column":6},"end":{"line":67,"column":37}},"32":{"start":{"line":69,"column":4},"end":{"line":69,"column":21}},"33":{"start":{"line":73,"column":4},"end":{"line":73,"column":75}},"34":{"start":{"line":77,"column":4},"end":{"line":80,"column":null}},"35":{"start":{"line":78,"column":6},"end":{"line":78,"column":34}},"36":{"start":{"line":79,"column":6},"end":{"line":79,"column":13}},"37":{"start":{"line":82,"column":4},"end":{"line":86,"column":null}},"38":{"start":{"line":83,"column":6},"end":{"line":83,"column":46}},"39":{"start":{"line":85,"column":6},"end":{"line":85,"column":83}},"40":{"start":{"line":87,"column":4},"end":{"line":87,"column":70}},"41":{"start":{"line":92,"column":4},"end":{"line":92,"column":73}},"42":{"start":{"line":96,"column":4},"end":{"line":96,"column":130}},"43":{"start":{"line":100,"column":4},"end":{"line":100,"column":150}},"44":{"start":{"line":104,"column":22},"end":{"line":104,"column":110}},"45":{"start":{"line":105,"column":4},"end":{"line":108,"column":null}},"46":{"start":{"line":106,"column":22},"end":{"line":106,"column":42}},"47":{"start":{"line":107,"column":6},"end":{"line":107,"column":37}},"48":{"start":{"line":109,"column":4},"end":{"line":109,"column":21}},"49":{"start":{"line":113,"column":4},"end":{"line":113,"column":null}},"50":{"start":{"line":113,"column":22},"end":{"line":113,"column":29}},"51":{"start":{"line":114,"column":26},"end":{"line":114,"column":57}},"52":{"start":{"line":115,"column":26},"end":{"line":115,"column":61}},"53":{"start":{"line":116,"column":22},"end":{"line":116,"column":121}},"54":{"start":{"line":117,"column":4},"end":{"line":117,"column":80}},"55":{"start":{"line":11,"column":13},"end":{"line":119,"column":null}},"56":{"start":{"line":11,"column":13},"end":{"line":11,"column":23}}},"fnMap":{"0":{"name":"(anonymous_0)","decl":{"start":{"line":13,"column":2},"end":{"line":13,"column":null}},"loc":{"start":{"line":15,"column":44},"end":{"line":16,"column":7}}},"1":{"name":"(anonymous_1)","decl":{"start":{"line":18,"column":2},"end":{"line":18,"column":10}},"loc":{"start":{"line":18,"column":10},"end":{"line":20,"column":3}}},"2":{"name":"(anonymous_2)","decl":{"start":{"line":22,"column":8},"end":{"line":22,"column":16}},"loc":{"start":{"line":22,"column":31},"end":{"line":28,"column":null}}},"3":{"name":"(anonymous_4)","decl":{"start":{"line":23,"column":73},"end":{"line":23,"column":77}},"loc":{"start":{"line":23,"column":80},"end":{"line":27,"column":5}}},"4":{"name":"(anonymous_5)","decl":{"start":{"line":30,"column":8},"end":{"line":30,"column":24}},"loc":{"start":{"line":30,"column":58},"end":{"line":36,"column":null}}},"5":{"name":"(anonymous_7)","decl":{"start":{"line":38,"column":8},"end":{"line":38,"column":17}},"loc":{"start":{"line":38,"column":32},"end":{"line":40,"column":null}}},"6":{"name":"(anonymous_9)","decl":{"start":{"line":42,"column":8},"end":{"line":42,"column":16}},"loc":{"start":{"line":42,"column":50},"end":{"line":45,"column":null}}},"7":{"name":"(anonymous_11)","decl":{"start":{"line":47,"column":8},"end":{"line":47,"column":20}},"loc":{"start":{"line":47,"column":96},"end":{"line":53,"column":null}}},"8":{"name":"(anonymous_13)","decl":{"start":{"line":55,"column":8},"end":{"line":55,"column":21}},"loc":{"start":{"line":55,"column":93},"end":{"line":58,"column":null}}},"9":{"name":"(anonymous_15)","decl":{"start":{"line":60,"column":8},"end":{"line":60,"column":18}},"loc":{"start":{"line":60,"column":94},"end":{"line":70,"column":null}}},"10":{"name":"(anonymous_17)","decl":{"start":{"line":72,"column":8},"end":{"line":72,"column":17}},"loc":{"start":{"line":72,"column":52},"end":{"line":74,"column":null}}},"11":{"name":"(anonymous_19)","decl":{"start":{"line":76,"column":8},"end":{"line":76,"column":17}},"loc":{"start":{"line":76,"column":86},"end":{"line":88,"column":null}}},"12":{"name":"(anonymous_21)","decl":{"start":{"line":91,"column":8},"end":{"line":91,"column":23}},"loc":{"start":{"line":91,"column":65},"end":{"line":93,"column":null}}},"13":{"name":"(anonymous_23)","decl":{"start":{"line":95,"column":8},"end":{"line":95,"column":31}},"loc":{"start":{"line":95,"column":131},"end":{"line":97,"column":null}}},"14":{"name":"(anonymous_25)","decl":{"start":{"line":99,"column":8},"end":{"line":99,"column":31}},"loc":{"start":{"line":99,"column":159},"end":{"line":101,"column":null}}},"15":{"name":"(anonymous_27)","decl":{"start":{"line":103,"column":8},"end":{"line":103,"column":31}},"loc":{"start":{"line":103,"column":84},"end":{"line":110,"column":null}}},"16":{"name":"(anonymous_29)","decl":{"start":{"line":112,"column":16},"end":{"line":112,"column":33}},"loc":{"start":{"line":112,"column":67},"end":{"line":118,"column":null}}}},"branchMap":{"0":{"loc":{"start":{"line":23,"column":11},"end":{"line":27,"column":6}},"type":"cond-expr","locations":[{"start":{"line":23,"column":67},"end":{"line":23,"column":69}},{"start":{"line":23,"column":67},"end":{"line":27,"column":6}}]},"1":{"loc":{"start":{"line":23,"column":11},"end":{"line":23,"column":69}},"type":"binary-expr","locations":[{"start":{"line":23,"column":11},"end":{"line":23,"column":69}},{"start":{"line":23,"column":67},"end":{"line":23,"column":69}}]},"2":{"loc":{"start":{"line":30,"column":41},"end":{"line":30,"column":58}},"type":"default-arg","locations":[{"start":{"line":30,"column":53},"end":{"line":30,"column":58}}]},"3":{"loc":{"start":{"line":32,"column":4},"end":{"line":34,"column":null}},"type":"if","locations":[{"start":{"line":32,"column":4},"end":{"line":34,"column":null}}]},"4":{"loc":{"start":{"line":39,"column":26},"end":{"line":39,"column":101}},"type":"binary-expr","locations":[{"start":{"line":39,"column":26},"end":{"line":39,"column":89}},{"start":{"line":39,"column":93},"end":{"line":39,"column":101}}]},"5":{"loc":{"start":{"line":47,"column":79},"end":{"line":47,"column":96}},"type":"default-arg","locations":[{"start":{"line":47,"column":91},"end":{"line":47,"column":96}}]},"6":{"loc":{"start":{"line":49,"column":4},"end":{"line":51,"column":null}},"type":"if","locations":[{"start":{"line":49,"column":4},"end":{"line":51,"column":null}}]},"7":{"loc":{"start":{"line":55,"column":58},"end":{"line":55,"column":77}},"type":"default-arg","locations":[{"start":{"line":55,"column":75},"end":{"line":55,"column":77}}]},"8":{"loc":{"start":{"line":60,"column":77},"end":{"line":60,"column":94}},"type":"default-arg","locations":[{"start":{"line":60,"column":89},"end":{"line":60,"column":94}}]},"9":{"loc":{"start":{"line":61,"column":4},"end":{"line":63,"column":null}},"type":"if","locations":[{"start":{"line":61,"column":4},"end":{"line":63,"column":null}}]},"10":{"loc":{"start":{"line":65,"column":4},"end":{"line":68,"column":null}},"type":"if","locations":[{"start":{"line":65,"column":4},"end":{"line":68,"column":null}}]},"11":{"loc":{"start":{"line":76,"column":51},"end":{"line":76,"column":70}},"type":"default-arg","locations":[{"start":{"line":76,"column":65},"end":{"line":76,"column":70}}]},"12":{"loc":{"start":{"line":77,"column":4},"end":{"line":80,"column":null}},"type":"if","locations":[{"start":{"line":77,"column":4},"end":{"line":80,"column":null}}]},"13":{"loc":{"start":{"line":77,"column":8},"end":{"line":77,"column":64}},"type":"binary-expr","locations":[{"start":{"line":77,"column":8},"end":{"line":77,"column":20}},{"start":{"line":77,"column":24},"end":{"line":77,"column":64}}]},"14":{"loc":{"start":{"line":82,"column":4},"end":{"line":86,"column":null}},"type":"if","locations":[{"start":{"line":82,"column":4},"end":{"line":86,"column":null}}]},"15":{"loc":{"start":{"line":95,"column":100},"end":{"line":95,"column":115}},"type":"default-arg","locations":[{"start":{"line":95,"column":110},"end":{"line":95,"column":115}}]},"16":{"loc":{"start":{"line":99,"column":128},"end":{"line":99,"column":143}},"type":"default-arg","locations":[{"start":{"line":99,"column":138},"end":{"line":99,"column":143}}]},"17":{"loc":{"start":{"line":103,"column":67},"end":{"line":103,"column":84}},"type":"default-arg","locations":[{"start":{"line":103,"column":79},"end":{"line":103,"column":84}}]},"18":{"loc":{"start":{"line":105,"column":4},"end":{"line":108,"column":null}},"type":"if","locations":[{"start":{"line":105,"column":4},"end":{"line":108,"column":null}}]},"19":{"loc":{"start":{"line":113,"column":4},"end":{"line":113,"column":null}},"type":"if","locations":[{"start":{"line":113,"column":4},"end":{"line":113,"column":null}}]}},"s":{"0":3,"1":3,"2":3,"3":3,"4":3,"5":3,"6":1,"7":1,"8":1,"9":1,"10":1,"11":1,"12":1,"13":4,"14":4,"15":2,"16":2,"17":5,"18":0,"19":0,"20":0,"21":0,"22":0,"23":0,"24":0,"25":0,"26":0,"27":0,"28":0,"29":0,"30":0,"31":0,"32":0,"33":0,"34":0,"35":0,"36":0,"37":0,"38":0,"39":0,"40":0,"41":0,"42":0,"43":0,"44":0,"45":0,"46":0,"47":0,"48":0,"49":0,"50":0,"51":0,"52":0,"53":0,"54":0,"55":3,"56":3},"f":{"0":1,"1":1,"2":1,"3":1,"4":4,"5":5,"6":0,"7":0,"8":0,"9":0,"10":0,"11":0,"12":0,"13":0,"14":0,"15":0,"16":0},"b":{"0":[0,1],"1":[1,1],"2":[2],"3":[2],"4":[5,3],"5":[0],"6":[0],"7":[0],"8":[0],"9":[0],"10":[0],"11":[0],"12":[0],"13":[0,0],"14":[0],"15":[0],"16":[0],"17":[0],"18":[0],"19":[0]}}
,"/media/WINKING/opt2/casper/casper-escrow/www/apps/api/src/app/controller/deployer/deployer.controller.ts": {"path":"/media/WINKING/opt2/casper/casper-escrow/www/apps/api/src/app/controller/deployer/deployer.controller.ts","statementMap":{"0":{"start":{"line":1,"column":0},"end":{"line":1,"column":79}},"1":{"start":{"line":2,"column":0},"end":{"line":2,"column":68}},"2":{"start":{"line":3,"column":0},"end":{"line":3,"column":60}},"3":{"start":{"line":5,"column":0},"end":{"line":5,"column":47}},"4":{"start":{"line":8,"column":7},"end":{"line":146,"column":null}},"5":{"start":{"line":10,"column":31},"end":{"line":10,"column":43}},"6":{"start":{"line":14,"column":4},"end":{"line":19,"column":null}},"7":{"start":{"line":15,"column":24},"end":{"line":15,"column":28}},"8":{"start":{"line":16,"column":6},"end":{"line":16,"column":71}},"9":{"start":{"line":18,"column":6},"end":{"line":18,"column":56}},"10":{"start":{"line":24,"column":4},"end":{"line":28,"column":null}},"11":{"start":{"line":25,"column":6},"end":{"line":25,"column":52}},"12":{"start":{"line":27,"column":6},"end":{"line":27,"column":56}},"13":{"start":{"line":33,"column":4},"end":{"line":37,"column":null}},"14":{"start":{"line":34,"column":6},"end":{"line":34,"column":53}},"15":{"start":{"line":36,"column":6},"end":{"line":36,"column":56}},"16":{"start":{"line":47,"column":4},"end":{"line":52,"column":null}},"17":{"start":{"line":48,"column":24},"end":{"line":48,"column":28}},"18":{"start":{"line":49,"column":6},"end":{"line":49,"column":93}},"19":{"start":{"line":51,"column":6},"end":{"line":51,"column":56}},"20":{"start":{"line":63,"column":4},"end":{"line":67,"column":null}},"21":{"start":{"line":64,"column":6},"end":{"line":64,"column":103}},"22":{"start":{"line":66,"column":6},"end":{"line":66,"column":56}},"23":{"start":{"line":76,"column":4},"end":{"line":81,"column":null}},"24":{"start":{"line":77,"column":24},"end":{"line":77,"column":28}},"25":{"start":{"line":78,"column":6},"end":{"line":78,"column":104}},"26":{"start":{"line":80,"column":6},"end":{"line":80,"column":56}},"27":{"start":{"line":89,"column":4},"end":{"line":94,"column":null}},"28":{"start":{"line":90,"column":24},"end":{"line":90,"column":28}},"29":{"start":{"line":91,"column":6},"end":{"line":91,"column":102}},"30":{"start":{"line":93,"column":6},"end":{"line":93,"column":56}},"31":{"start":{"line":102,"column":4},"end":{"line":106,"column":null}},"32":{"start":{"line":103,"column":6},"end":{"line":103,"column":65}},"33":{"start":{"line":105,"column":6},"end":{"line":105,"column":56}},"34":{"start":{"line":115,"column":4},"end":{"line":124,"column":null}},"35":{"start":{"line":116,"column":35},"end":{"line":116,"column":86}},"36":{"start":{"line":117,"column":6},"end":{"line":120,"column":null}},"37":{"start":{"line":118,"column":8},"end":{"line":118,"column":56}},"38":{"start":{"line":119,"column":8},"end":{"line":119,"column":15}},"39":{"start":{"line":121,"column":6},"end":{"line":121,"column":113}},"40":{"start":{"line":123,"column":6},"end":{"line":123,"column":56}},"41":{"start":{"line":137,"column":4},"end":{"line":144,"column":null}},"42":{"start":{"line":138,"column":6},"end":{"line":140,"column":null}},"43":{"start":{"line":139,"column":8},"end":{"line":139,"column":122}},"44":{"start":{"line":141,"column":6},"end":{"line":141,"column":140}},"45":{"start":{"line":143,"column":6},"end":{"line":143,"column":56}},"46":{"start":{"line":13,"column":8},"end":{"line":20,"column":null}},"47":{"start":{"line":23,"column":8},"end":{"line":29,"column":null}},"48":{"start":{"line":32,"column":8},"end":{"line":38,"column":null}},"49":{"start":{"line":41,"column":8},"end":{"line":53,"column":null}},"50":{"start":{"line":56,"column":8},"end":{"line":68,"column":null}},"51":{"start":{"line":71,"column":8},"end":{"line":82,"column":null}},"52":{"start":{"line":85,"column":8},"end":{"line":95,"column":null}},"53":{"start":{"line":98,"column":8},"end":{"line":107,"column":null}},"54":{"start":{"line":110,"column":8},"end":{"line":125,"column":null}},"55":{"start":{"line":128,"column":8},"end":{"line":145,"column":null}},"56":{"start":{"line":8,"column":13},"end":{"line":146,"column":null}},"57":{"start":{"line":8,"column":13},"end":{"line":8,"column":31}}},"fnMap":{"0":{"name":"(anonymous_0)","decl":{"start":{"line":10,"column":2},"end":{"line":10,"column":31}},"loc":{"start":{"line":10,"column":53},"end":{"line":10,"column":58}}},"1":{"name":"(anonymous_1)","decl":{"start":{"line":13,"column":8},"end":{"line":13,"column":24}},"loc":{"start":{"line":13,"column":57},"end":{"line":20,"column":null}}},"2":{"name":"(anonymous_3)","decl":{"start":{"line":23,"column":8},"end":{"line":23,"column":16}},"loc":{"start":{"line":23,"column":48},"end":{"line":29,"column":null}}},"3":{"name":"(anonymous_5)","decl":{"start":{"line":32,"column":8},"end":{"line":32,"column":17}},"loc":{"start":{"line":32,"column":50},"end":{"line":38,"column":null}}},"4":{"name":"(anonymous_7)","decl":{"start":{"line":41,"column":8},"end":{"line":41,"column":20}},"loc":{"start":{"line":44,"column":36},"end":{"line":53,"column":null}}},"5":{"name":"(anonymous_9)","decl":{"start":{"line":56,"column":8},"end":{"line":56,"column":21}},"loc":{"start":{"line":60,"column":36},"end":{"line":68,"column":null}}},"6":{"name":"(anonymous_11)","decl":{"start":{"line":71,"column":8},"end":{"line":71,"column":18}},"loc":{"start":{"line":74,"column":42},"end":{"line":82,"column":null}}},"7":{"name":"(anonymous_13)","decl":{"start":{"line":85,"column":8},"end":{"line":85,"column":31}},"loc":{"start":{"line":87,"column":36},"end":{"line":95,"column":null}}},"8":{"name":"(anonymous_15)","decl":{"start":{"line":98,"column":8},"end":{"line":98,"column":17}},"loc":{"start":{"line":100,"column":44},"end":{"line":107,"column":null}}},"9":{"name":"(anonymous_17)","decl":{"start":{"line":110,"column":8},"end":{"line":110,"column":17}},"loc":{"start":{"line":113,"column":35},"end":{"line":125,"column":null}}},"10":{"name":"(anonymous_19)","decl":{"start":{"line":128,"column":8},"end":{"line":128,"column":21}},"loc":{"start":{"line":135,"column":36},"end":{"line":145,"column":null}}}},"branchMap":{"0":{"loc":{"start":{"line":64,"column":69},"end":{"line":64,"column":93}},"type":"binary-expr","locations":[{"start":{"line":64,"column":69},"end":{"line":64,"column":73}},{"start":{"line":64,"column":77},"end":{"line":64,"column":93}}]},"1":{"loc":{"start":{"line":117,"column":6},"end":{"line":120,"column":null}},"type":"if","locations":[{"start":{"line":117,"column":6},"end":{"line":120,"column":null}}]},"2":{"loc":{"start":{"line":138,"column":6},"end":{"line":140,"column":null}},"type":"if","locations":[{"start":{"line":138,"column":6},"end":{"line":140,"column":null}}]}},"s":{"0":1,"1":1,"2":1,"3":1,"4":1,"5":3,"6":0,"7":0,"8":0,"9":0,"10":4,"11":4,"12":0,"13":0,"14":0,"15":0,"16":0,"17":0,"18":0,"19":0,"20":0,"21":0,"22":0,"23":0,"24":0,"25":0,"26":0,"27":0,"28":0,"29":0,"30":0,"31":0,"32":0,"33":0,"34":0,"35":0,"36":0,"37":0,"38":0,"39":0,"40":0,"41":0,"42":0,"43":0,"44":0,"45":0,"46":1,"47":1,"48":1,"49":1,"50":1,"51":1,"52":1,"53":1,"54":1,"55":1,"56":1,"57":1},"f":{"0":3,"1":0,"2":4,"3":0,"4":0,"5":0,"6":0,"7":0,"8":0,"9":0,"10":0},"b":{"0":[0,0],"1":[0],"2":[0]}}
,"/media/WINKING/opt2/casper/casper-escrow/www/apps/api/src/client/client.service.ts": {"path":"/media/WINKING/opt2/casper/casper-escrow/www/apps/api/src/client/client.service.ts","statementMap":{"0":{"start":{"line":1,"column":0},"end":{"line":1,"column":44}},"1":{"start":{"line":2,"column":0},"end":{"line":2,"column":45}},"2":{"start":{"line":3,"column":0},"end":{"line":3,"column":53}},"3":{"start":{"line":7,"column":7},"end":{"line":27,"column":null}},"4":{"start":{"line":12,"column":21},"end":{"line":12,"column":33}},"5":{"start":{"line":16,"column":4},"end":{"line":18,"column":null}},"6":{"start":{"line":17,"column":6},"end":{"line":17,"column":31}},"7":{"start":{"line":19,"column":4},"end":{"line":19,"column":46}},"8":{"start":{"line":20,"column":4},"end":{"line":22,"column":null}},"9":{"start":{"line":21,"column":6},"end":{"line":21,"column":43}},"10":{"start":{"line":23,"column":4},"end":{"line":23,"column":26}},"11":{"start":{"line":24,"column":4},"end":{"line":24,"column":49}},"12":{"start":{"line":25,"column":4},"end":{"line":25,"column":29}},"13":{"start":{"line":7,"column":13},"end":{"line":27,"column":null}},"14":{"start":{"line":7,"column":13},"end":{"line":7,"column":26}}},"fnMap":{"0":{"name":"(anonymous_0)","decl":{"start":{"line":11,"column":2},"end":{"line":11,"column":null}},"loc":{"start":{"line":12,"column":43},"end":{"line":13,"column":7}}},"1":{"name":"(anonymous_1)","decl":{"start":{"line":15,"column":2},"end":{"line":15,"column":11}},"loc":{"start":{"line":15,"column":26},"end":{"line":26,"column":3}}}},"branchMap":{"0":{"loc":{"start":{"line":16,"column":4},"end":{"line":18,"column":null}},"type":"if","locations":[{"start":{"line":16,"column":4},"end":{"line":18,"column":null}}]},"1":{"loc":{"start":{"line":16,"column":8},"end":{"line":16,"column":41}},"type":"binary-expr","locations":[{"start":{"line":16,"column":8},"end":{"line":16,"column":14}},{"start":{"line":16,"column":18},"end":{"line":16,"column":41}}]},"2":{"loc":{"start":{"line":20,"column":4},"end":{"line":22,"column":null}},"type":"if","locations":[{"start":{"line":20,"column":4},"end":{"line":22,"column":null}}]},"3":{"loc":{"start":{"line":20,"column":8},"end":{"line":20,"column":58}},"type":"binary-expr","locations":[{"start":{"line":20,"column":8},"end":{"line":20,"column":15}},{"start":{"line":20,"column":19},"end":{"line":20,"column":58}}]}},"s":{"0":4,"1":4,"2":4,"3":4,"4":5,"5":12,"6":1,"7":11,"8":11,"9":8,"10":3,"11":3,"12":3,"13":4,"14":4},"f":{"0":5,"1":12},"b":{"0":[1],"1":[12,10],"2":[8],"3":[11,5]}}
,"/media/WINKING/opt2/casper/casper-escrow/www/apps/api/src/environments/environment.ts": {"path":"/media/WINKING/opt2/casper/casper-escrow/www/apps/api/src/environments/environment.ts","statementMap":{"0":{"start":{"line":1,"column":0},"end":{"line":1,"column":58}},"1":{"start":{"line":3,"column":21},"end":{"line":16,"column":2}},"2":{"start":{"line":18,"column":13},"end":{"line":23,"column":2}}},"fnMap":{},"branchMap":{},"s":{"0":6,"1":6,"2":6},"f":{},"b":{}}
,"/media/WINKING/opt2/casper/casper-escrow/www/apps/api/src/service/service.service.ts": {"path":"/media/WINKING/opt2/casper/casper-escrow/www/apps/api/src/service/service.service.ts","statementMap":{"0":{"start":{"line":1,"column":0},"end":{"line":1,"column":44}},"1":{"start":{"line":2,"column":0},"end":{"line":2,"column":55}},"2":{"start":{"line":3,"column":0},"end":{"line":3,"column":53}},"3":{"start":{"line":6,"column":7},"end":{"line":27,"column":null}},"4":{"start":{"line":12,"column":21},"end":{"line":12,"column":33}},"5":{"start":{"line":16,"column":4},"end":{"line":18,"column":null}},"6":{"start":{"line":17,"column":6},"end":{"line":17,"column":32}},"7":{"start":{"line":19,"column":4},"end":{"line":19,"column":46}},"8":{"start":{"line":20,"column":4},"end":{"line":22,"column":null}},"9":{"start":{"line":21,"column":6},"end":{"line":21,"column":43}},"10":{"start":{"line":23,"column":4},"end":{"line":23,"column":26}},"11":{"start":{"line":24,"column":4},"end":{"line":24,"column":60}},"12":{"start":{"line":25,"column":4},"end":{"line":25,"column":30}},"13":{"start":{"line":6,"column":13},"end":{"line":27,"column":null}},"14":{"start":{"line":6,"column":13},"end":{"line":6,"column":27}}},"fnMap":{"0":{"name":"(anonymous_0)","decl":{"start":{"line":11,"column":2},"end":{"line":11,"column":null}},"loc":{"start":{"line":12,"column":43},"end":{"line":13,"column":7}}},"1":{"name":"(anonymous_1)","decl":{"start":{"line":15,"column":2},"end":{"line":15,"column":12}},"loc":{"start":{"line":15,"column":27},"end":{"line":26,"column":3}}}},"branchMap":{"0":{"loc":{"start":{"line":16,"column":4},"end":{"line":18,"column":null}},"type":"if","locations":[{"start":{"line":16,"column":4},"end":{"line":18,"column":null}}]},"1":{"loc":{"start":{"line":16,"column":8},"end":{"line":16,"column":41}},"type":"binary-expr","locations":[{"start":{"line":16,"column":8},"end":{"line":16,"column":14}},{"start":{"line":16,"column":18},"end":{"line":16,"column":41}}]},"2":{"loc":{"start":{"line":20,"column":4},"end":{"line":22,"column":null}},"type":"if","locations":[{"start":{"line":20,"column":4},"end":{"line":22,"column":null}}]},"3":{"loc":{"start":{"line":20,"column":8},"end":{"line":20,"column":58}},"type":"binary-expr","locations":[{"start":{"line":20,"column":8},"end":{"line":20,"column":15}},{"start":{"line":20,"column":19},"end":{"line":20,"column":58}}]}},"s":{"0":4,"1":4,"2":4,"3":4,"4":4,"5":12,"6":1,"7":11,"8":11,"9":8,"10":3,"11":3,"12":3,"13":4,"14":4},"f":{"0":4,"1":12},"b":{"0":[1],"1":[12,10],"2":[8],"3":[11,5]}}
,"/media/WINKING/opt2/casper/casper-escrow/www/apps/api/src/util/url/url.service.ts": {"path":"/media/WINKING/opt2/casper/casper-escrow/www/apps/api/src/util/url/url.service.ts","statementMap":{"0":{"start":{"line":1,"column":0},"end":{"line":1,"column":44}},"1":{"start":{"line":2,"column":0},"end":{"line":2,"column":61}},"2":{"start":{"line":5,"column":7},"end":{"line":26,"column":null}},"3":{"start":{"line":8,"column":4},"end":{"line":12,"column":null}},"4":{"start":{"line":9,"column":6},"end":{"line":9,"column":30}},"5":{"start":{"line":11,"column":6},"end":{"line":11,"column":19}},"6":{"start":{"line":13,"column":4},"end":{"line":13,"column":65}},"7":{"start":{"line":17,"column":4},"end":{"line":17,"column":56}},"8":{"start":{"line":19,"column":4},"end":{"line":23,"column":null}},"9":{"start":{"line":20,"column":6},"end":{"line":20,"column":30}},"10":{"start":{"line":22,"column":6},"end":{"line":22,"column":22}},"11":{"start":{"line":24,"column":4},"end":{"line":24,"column":37}},"12":{"start":{"line":5,"column":13},"end":{"line":26,"column":null}},"13":{"start":{"line":5,"column":13},"end":{"line":5,"column":23}}},"fnMap":{"0":{"name":"(anonymous_0)","decl":{"start":{"line":6,"column":2},"end":{"line":6,"column":16}},"loc":{"start":{"line":6,"column":33},"end":{"line":14,"column":3}}},"1":{"name":"(anonymous_1)","decl":{"start":{"line":16,"column":2},"end":{"line":16,"column":10}},"loc":{"start":{"line":16,"column":27},"end":{"line":25,"column":3}}}},"branchMap":{"0":{"loc":{"start":{"line":13,"column":11},"end":{"line":13,"column":64}},"type":"binary-expr","locations":[{"start":{"line":13,"column":11},"end":{"line":13,"column":35}},{"start":{"line":13,"column":39},"end":{"line":13,"column":64}}]},"1":{"loc":{"start":{"line":17,"column":15},"end":{"line":17,"column":55}},"type":"cond-expr","locations":[{"start":{"line":17,"column":26},"end":{"line":17,"column":34}},{"start":{"line":17,"column":37},"end":{"line":17,"column":55}}]}},"s":{"0":6,"1":6,"2":6,"3":4,"4":4,"5":2,"6":2,"7":4,"8":4,"9":4,"10":1,"11":3,"12":6,"13":6},"f":{"0":4,"1":4},"b":{"0":[2,1],"1":[3,1]}}
,"/media/WINKING/opt2/casper/casper-escrow/www/apps/frontend/src/app/app.component.html": {"path":"/media/WINKING/opt2/casper/casper-escrow/www/apps/frontend/src/app/app.component.html","statementMap":{"0":{"start":{"line":1,"column":0},"end":{"line":1,"column":386}}},"fnMap":{},"branchMap":{},"s":{"0":1},"f":{},"b":{},"_coverageSchema":"1a1c01bbd47fc00a2c39e90264f33305004495a9","hash":"403e1544990c1899db58f0009e2b7c617fc7f705"}
,"/media/WINKING/opt2/casper/casper-escrow/www/apps/frontend/src/app/app.component.ts": {"path":"/media/WINKING/opt2/casper/casper-escrow/www/apps/frontend/src/app/app.component.ts","statementMap":{"0":{"start":{"line":1,"column":0},"end":{"line":1,"column":113}},"1":{"start":{"line":3,"column":0},"end":{"line":3,"column":57}},"2":{"start":{"line":4,"column":0},"end":{"line":4,"column":41}},"3":{"start":{"line":6,"column":0},"end":{"line":6,"column":52}},"4":{"start":{"line":7,"column":0},"end":{"line":7,"column":62}},"5":{"start":{"line":8,"column":0},"end":{"line":8,"column":71}},"6":{"start":{"line":9,"column":0},"end":{"line":9,"column":49}},"7":{"start":{"line":10,"column":0},"end":{"line":10,"column":32}},"8":{"start":{"line":12,"column":0},"end":{"line":12,"column":47}},"9":{"start":{"line":13,"column":0},"end":{"line":13,"column":61}},"10":{"start":{"line":21,"column":16},"end":{"line":25,"column":2}},"11":{"start":{"line":56,"column":30},"end":{"line":56,"column":40}},"12":{"start":{"line":57,"column":43},"end":{"line":57,"column":51}},"13":{"start":{"line":58,"column":21},"end":{"line":58,"column":35}},"14":{"start":{"line":59,"column":21},"end":{"line":59,"column":40}},"15":{"start":{"line":60,"column":21},"end":{"line":60,"column":40}},"16":{"start":{"line":40,"column":11},"end":{"line":40,"column":46}},"17":{"start":{"line":47,"column":11},"end":{"line":47,"column":25}},"18":{"start":{"line":51,"column":2},"end":{"line":51,"column":37}},"19":{"start":{"line":65,"column":4},"end":{"line":65,"column":38}},"20":{"start":{"line":66,"column":4},"end":{"line":66,"column":32}},"21":{"start":{"line":67,"column":4},"end":{"line":67,"column":29}},"22":{"start":{"line":68,"column":4},"end":{"line":68,"column":91}},"23":{"start":{"line":68,"column":64},"end":{"line":68,"column":90}},"24":{"start":{"line":68,"column":65},"end":{"line":68,"column":90}},"25":{"start":{"line":69,"column":4},"end":{"line":69,"column":99}},"26":{"start":{"line":69,"column":72},"end":{"line":69,"column":98}},"27":{"start":{"line":69,"column":73},"end":{"line":69,"column":98}},"28":{"start":{"line":70,"column":4},"end":{"line":70,"column":24}},"29":{"start":{"line":74,"column":4},"end":{"line":76,"column":7}},"30":{"start":{"line":75,"column":6},"end":{"line":75,"column":49}},"31":{"start":{"line":80,"column":4},"end":{"line":83,"column":null}},"32":{"start":{"line":81,"column":6},"end":{"line":81,"column":57}},"33":{"start":{"line":82,"column":6},"end":{"line":82,"column":31}},"34":{"start":{"line":83,"column":22},"end":{"line":83,"column":43}},"35":{"start":{"line":87,"column":4},"end":{"line":87,"column":45}},"36":{"start":{"line":91,"column":4},"end":{"line":93,"column":8}},"37":{"start":{"line":91,"column":81},"end":{"line":93,"column":6}},"38":{"start":{"line":92,"column":6},"end":{"line":92,"column":21}},"39":{"start":{"line":94,"column":4},"end":{"line":96,"column":8}},"40":{"start":{"line":94,"column":86},"end":{"line":96,"column":6}},"41":{"start":{"line":95,"column":6},"end":{"line":95,"column":26}},"42":{"start":{"line":100,"column":4},"end":{"line":104,"column":7}},"43":{"start":{"line":101,"column":6},"end":{"line":101,"column":25}},"44":{"start":{"line":102,"column":6},"end":{"line":102,"column":44}},"45":{"start":{"line":103,"column":6},"end":{"line":103,"column":43}},"46":{"start":{"line":108,"column":4},"end":{"line":108,"column":36}},"47":{"start":{"line":109,"column":4},"end":{"line":109,"column":25}},"48":{"start":{"line":110,"column":4},"end":{"line":110,"column":20}},"49":{"start":{"line":114,"column":25},"end":{"line":114,"column":69}},"50":{"start":{"line":115,"column":25},"end":{"line":115,"column":76}},"51":{"start":{"line":116,"column":21},"end":{"line":117,"column":43}},"52":{"start":{"line":117,"column":22},"end":{"line":117,"column":42}},"53":{"start":{"line":118,"column":20},"end":{"line":120,"column":80}},"54":{"start":{"line":119,"column":22},"end":{"line":119,"column":44}},"55":{"start":{"line":120,"column":22},"end":{"line":120,"column":79}},"56":{"start":{"line":122,"column":4},"end":{"line":122,"column":58}},"57":{"start":{"line":123,"column":4},"end":{"line":123,"column":48}},"58":{"start":{"line":124,"column":4},"end":{"line":124,"column":53}},"59":{"start":{"line":125,"column":4},"end":{"line":125,"column":72}},"60":{"start":{"line":129,"column":4},"end":{"line":129,"column":103}},"61":{"start":{"line":129,"column":49},"end":{"line":129,"column":93}},"62":{"start":{"line":130,"column":4},"end":{"line":130,"column":57}},"63":{"start":{"line":134,"column":4},"end":{"line":141,"column":null}},"64":{"start":{"line":140,"column":6},"end":{"line":140,"column":13}},"65":{"start":{"line":143,"column":4},"end":{"line":143,"column":49}},"66":{"start":{"line":144,"column":4},"end":{"line":144,"column":45}},"67":{"start":{"line":148,"column":4},"end":{"line":159,"column":9}},"68":{"start":{"line":151,"column":10},"end":{"line":151,"column":24}},"69":{"start":{"line":155,"column":10},"end":{"line":155,"column":48}},"70":{"start":{"line":156,"column":10},"end":{"line":156,"column":48}},"71":{"start":{"line":157,"column":10},"end":{"line":157,"column":60}},"72":{"start":{"line":163,"column":4},"end":{"line":165,"column":null}},"73":{"start":{"line":164,"column":6},"end":{"line":164,"column":28}},"74":{"start":{"line":166,"column":4},"end":{"line":166,"column":54}},"75":{"start":{"line":39,"column":13},"end":{"line":39,"column":null}},"76":{"start":{"line":39,"column":13},"end":{"line":39,"column":25}}},"fnMap":{"0":{"name":"(anonymous_0)","decl":{"start":{"line":55,"column":2},"end":{"line":55,"column":null}},"loc":{"start":{"line":60,"column":57},"end":{"line":62,"column":3}}},"1":{"name":"(anonymous_1)","decl":{"start":{"line":64,"column":8},"end":{"line":64,"column":16}},"loc":{"start":{"line":64,"column":16},"end":{"line":71,"column":null}}},"2":{"name":"(anonymous_3)","decl":{"start":{"line":68,"column":53},"end":{"line":68,"column":62}},"loc":{"start":{"line":68,"column":64},"end":{"line":68,"column":90}}},"3":{"name":"(anonymous_4)","decl":{"start":{"line":68,"column":64},"end":{"line":68,"column":65}},"loc":{"start":{"line":68,"column":64},"end":{"line":68,"column":90}}},"4":{"name":"(anonymous_5)","decl":{"start":{"line":69,"column":61},"end":{"line":69,"column":70}},"loc":{"start":{"line":69,"column":72},"end":{"line":69,"column":98}}},"5":{"name":"(anonymous_6)","decl":{"start":{"line":69,"column":72},"end":{"line":69,"column":73}},"loc":{"start":{"line":69,"column":72},"end":{"line":69,"column":98}}},"6":{"name":"(anonymous_7)","decl":{"start":{"line":73,"column":2},"end":{"line":73,"column":13}},"loc":{"start":{"line":73,"column":13},"end":{"line":77,"column":3}}},"7":{"name":"(anonymous_8)","decl":{"start":{"line":74,"column":31},"end":{"line":74,"column":43}},"loc":{"start":{"line":74,"column":46},"end":{"line":76,"column":5}}},"8":{"name":"(anonymous_9)","decl":{"start":{"line":79,"column":8},"end":{"line":79,"column":15}},"loc":{"start":{"line":79,"column":15},"end":{"line":84,"column":null}}},"9":{"name":"(anonymous_11)","decl":{"start":{"line":86,"column":10},"end":{"line":86,"column":22}},"loc":{"start":{"line":86,"column":22},"end":{"line":88,"column":3}}},"10":{"name":"(anonymous_12)","decl":{"start":{"line":90,"column":10},"end":{"line":90,"column":36}},"loc":{"start":{"line":90,"column":36},"end":{"line":97,"column":3}}},"11":{"name":"(anonymous_13)","decl":{"start":{"line":91,"column":70},"end":{"line":91,"column":79}},"loc":{"start":{"line":91,"column":81},"end":{"line":93,"column":6}}},"12":{"name":"(anonymous_14)","decl":{"start":{"line":91,"column":81},"end":{"line":91,"column":null}},"loc":{"start":{"line":91,"column":81},"end":{"line":93,"column":5}}},"13":{"name":"(anonymous_15)","decl":{"start":{"line":94,"column":75},"end":{"line":94,"column":84}},"loc":{"start":{"line":94,"column":86},"end":{"line":96,"column":6}}},"14":{"name":"(anonymous_16)","decl":{"start":{"line":94,"column":86},"end":{"line":94,"column":null}},"loc":{"start":{"line":94,"column":86},"end":{"line":96,"column":5}}},"15":{"name":"(anonymous_17)","decl":{"start":{"line":99,"column":10},"end":{"line":99,"column":30}},"loc":{"start":{"line":99,"column":30},"end":{"line":105,"column":3}}},"16":{"name":"(anonymous_18)","decl":{"start":{"line":100,"column":63},"end":{"line":100,"column":68}},"loc":{"start":{"line":100,"column":71},"end":{"line":104,"column":5}}},"17":{"name":"(anonymous_19)","decl":{"start":{"line":107,"column":16},"end":{"line":107,"column":27}},"loc":{"start":{"line":107,"column":27},"end":{"line":111,"column":null}}},"18":{"name":"(anonymous_21)","decl":{"start":{"line":113,"column":16},"end":{"line":113,"column":34}},"loc":{"start":{"line":113,"column":34},"end":{"line":126,"column":null}}},"19":{"name":"(anonymous_23)","decl":{"start":{"line":117,"column":13},"end":{"line":117,"column":18}},"loc":{"start":{"line":117,"column":22},"end":{"line":117,"column":42}}},"20":{"name":"(anonymous_24)","decl":{"start":{"line":119,"column":6},"end":{"line":119,"column":7}},"loc":{"start":{"line":119,"column":22},"end":{"line":119,"column":44}}},"21":{"name":"(anonymous_25)","decl":{"start":{"line":120,"column":11},"end":{"line":120,"column":17}},"loc":{"start":{"line":120,"column":22},"end":{"line":120,"column":79}}},"22":{"name":"(anonymous_26)","decl":{"start":{"line":128,"column":10},"end":{"line":128,"column":23}},"loc":{"start":{"line":128,"column":23},"end":{"line":131,"column":3}}},"23":{"name":"(anonymous_27)","decl":{"start":{"line":129,"column":33},"end":{"line":129,"column":34}},"loc":{"start":{"line":129,"column":49},"end":{"line":129,"column":93}}},"24":{"name":"(anonymous_28)","decl":{"start":{"line":133,"column":10},"end":{"line":133,"column":18}},"loc":{"start":{"line":133,"column":18},"end":{"line":145,"column":3}}},"25":{"name":"(anonymous_29)","decl":{"start":{"line":147,"column":10},"end":{"line":147,"column":43}},"loc":{"start":{"line":147,"column":43},"end":{"line":160,"column":3}}},"26":{"name":"(anonymous_30)","decl":{"start":{"line":150,"column":12},"end":{"line":150,"column":13}},"loc":{"start":{"line":151,"column":10},"end":{"line":151,"column":24}}},"27":{"name":"(anonymous_31)","decl":{"start":{"line":154,"column":9},"end":{"line":154,"column":14}},"loc":{"start":{"line":154,"column":17},"end":{"line":158,"column":9}}},"28":{"name":"(anonymous_32)","decl":{"start":{"line":162,"column":10},"end":{"line":162,"column":20}},"loc":{"start":{"line":162,"column":33},"end":{"line":167,"column":3}}}},"branchMap":{"0":{"loc":{"start":{"line":68,"column":4},"end":{"line":68,"column":90}},"type":"cond-expr","locations":[{"start":{"line":68,"column":15},"end":{"line":68,"column":17}},{"start":{"line":68,"column":15},"end":{"line":68,"column":90}}]},"1":{"loc":{"start":{"line":68,"column":4},"end":{"line":68,"column":17}},"type":"binary-expr","locations":[{"start":{"line":68,"column":4},"end":{"line":68,"column":17}},{"start":{"line":68,"column":15},"end":{"line":68,"column":17}}]},"2":{"loc":{"start":{"line":69,"column":4},"end":{"line":69,"column":98}},"type":"cond-expr","locations":[{"start":{"line":69,"column":15},"end":{"line":69,"column":17}},{"start":{"line":69,"column":15},"end":{"line":69,"column":98}}]},"3":{"loc":{"start":{"line":69,"column":4},"end":{"line":69,"column":17}},"type":"binary-expr","locations":[{"start":{"line":69,"column":4},"end":{"line":69,"column":17}},{"start":{"line":69,"column":15},"end":{"line":69,"column":17}}]},"4":{"loc":{"start":{"line":75,"column":6},"end":{"line":75,"column":48}},"type":"binary-expr","locations":[{"start":{"line":75,"column":6},"end":{"line":75,"column":18}},{"start":{"line":75,"column":22},"end":{"line":75,"column":48}}]},"5":{"loc":{"start":{"line":81,"column":6},"end":{"line":81,"column":56}},"type":"cond-expr","locations":[{"start":{"line":81,"column":35},"end":{"line":81,"column":37}},{"start":{"line":81,"column":35},"end":{"line":81,"column":56}}]},"6":{"loc":{"start":{"line":81,"column":6},"end":{"line":81,"column":37}},"type":"binary-expr","locations":[{"start":{"line":81,"column":6},"end":{"line":81,"column":37}},{"start":{"line":81,"column":35},"end":{"line":81,"column":37}}]},"7":{"loc":{"start":{"line":81,"column":6},"end":{"line":81,"column":35}},"type":"cond-expr","locations":[{"start":{"line":81,"column":17},"end":{"line":81,"column":19}},{"start":{"line":81,"column":17},"end":{"line":81,"column":35}}]},"8":{"loc":{"start":{"line":81,"column":6},"end":{"line":81,"column":19}},"type":"binary-expr","locations":[{"start":{"line":81,"column":6},"end":{"line":81,"column":19}},{"start":{"line":81,"column":17},"end":{"line":81,"column":19}}]},"9":{"loc":{"start":{"line":114,"column":25},"end":{"line":114,"column":69}},"type":"cond-expr","locations":[{"start":{"line":114,"column":54},"end":{"line":114,"column":56}},{"start":{"line":114,"column":54},"end":{"line":114,"column":69}}]},"10":{"loc":{"start":{"line":114,"column":25},"end":{"line":114,"column":56}},"type":"binary-expr","locations":[{"start":{"line":114,"column":25},"end":{"line":114,"column":56}},{"start":{"line":114,"column":54},"end":{"line":114,"column":56}}]},"11":{"loc":{"start":{"line":114,"column":25},"end":{"line":114,"column":54}},"type":"cond-expr","locations":[{"start":{"line":114,"column":36},"end":{"line":114,"column":38}},{"start":{"line":114,"column":36},"end":{"line":114,"column":54}}]},"12":{"loc":{"start":{"line":114,"column":25},"end":{"line":114,"column":38}},"type":"binary-expr","locations":[{"start":{"line":114,"column":25},"end":{"line":114,"column":38}},{"start":{"line":114,"column":36},"end":{"line":114,"column":38}}]},"13":{"loc":{"start":{"line":115,"column":25},"end":{"line":115,"column":76}},"type":"cond-expr","locations":[{"start":{"line":115,"column":54},"end":{"line":115,"column":56}},{"start":{"line":115,"column":54},"end":{"line":115,"column":76}}]},"14":{"loc":{"start":{"line":115,"column":25},"end":{"line":115,"column":56}},"type":"binary-expr","locations":[{"start":{"line":115,"column":25},"end":{"line":115,"column":56}},{"start":{"line":115,"column":54},"end":{"line":115,"column":56}}]},"15":{"loc":{"start":{"line":115,"column":25},"end":{"line":115,"column":54}},"type":"cond-expr","locations":[{"start":{"line":115,"column":36},"end":{"line":115,"column":38}},{"start":{"line":115,"column":36},"end":{"line":115,"column":54}}]},"16":{"loc":{"start":{"line":115,"column":25},"end":{"line":115,"column":38}},"type":"binary-expr","locations":[{"start":{"line":115,"column":25},"end":{"line":115,"column":38}},{"start":{"line":115,"column":36},"end":{"line":115,"column":38}}]},"17":{"loc":{"start":{"line":118,"column":20},"end":{"line":120,"column":80}},"type":"cond-expr","locations":[{"start":{"line":118,"column":28},"end":{"line":118,"column":30}},{"start":{"line":118,"column":20},"end":{"line":120,"column":80}}]},"18":{"loc":{"start":{"line":118,"column":20},"end":{"line":118,"column":30}},"type":"binary-expr","locations":[{"start":{"line":118,"column":20},"end":{"line":118,"column":30}},{"start":{"line":118,"column":20},"end":{"line":118,"column":30}}]},"19":{"loc":{"start":{"line":122,"column":4},"end":{"line":122,"column":57}},"type":"binary-expr","locations":[{"start":{"line":122,"column":4},"end":{"line":122,"column":11}},{"start":{"line":122,"column":16},"end":{"line":122,"column":56}}]},"20":{"loc":{"start":{"line":125,"column":24},"end":{"line":125,"column":59}},"type":"binary-expr","locations":[{"start":{"line":125,"column":24},"end":{"line":125,"column":44}},{"start":{"line":125,"column":48},"end":{"line":125,"column":59}}]},"21":{"loc":{"start":{"line":129,"column":16},"end":{"line":129,"column":102}},"type":"cond-expr","locations":[{"start":{"line":129,"column":26},"end":{"line":129,"column":28}},{"start":{"line":129,"column":26},"end":{"line":129,"column":102}}]},"22":{"loc":{"start":{"line":129,"column":16},"end":{"line":129,"column":28}},"type":"binary-expr","locations":[{"start":{"line":129,"column":16},"end":{"line":129,"column":28}},{"start":{"line":129,"column":26},"end":{"line":129,"column":28}}]},"23":{"loc":{"start":{"line":134,"column":4},"end":{"line":141,"column":null}},"type":"if","locations":[{"start":{"line":134,"column":4},"end":{"line":141,"column":null}}]},"24":{"loc":{"start":{"line":135,"column":6},"end":{"line":138,"column":52}},"type":"binary-expr","locations":[{"start":{"line":135,"column":6},"end":{"line":135,"column":23}},{"start":{"line":136,"column":6},"end":{"line":136,"column":27}},{"start":{"line":138,"column":6},"end":{"line":138,"column":52}}]},"25":{"loc":{"start":{"line":148,"column":4},"end":{"line":159,"column":8}},"type":"binary-expr","locations":[{"start":{"line":148,"column":4},"end":{"line":148,"column":24}},{"start":{"line":148,"column":29},"end":{"line":158,"column":null}}]},"26":{"loc":{"start":{"line":163,"column":4},"end":{"line":165,"column":null}},"type":"if","locations":[{"start":{"line":163,"column":4},"end":{"line":165,"column":null}}]},"27":{"loc":{"start":{"line":163,"column":9},"end":{"line":163,"column":23}},"type":"cond-expr","locations":[{"start":{"line":163,"column":14},"end":{"line":163,"column":16}},{"start":{"line":163,"column":9},"end":{"line":163,"column":23}}]},"28":{"loc":{"start":{"line":163,"column":9},"end":{"line":163,"column":16}},"type":"binary-expr","locations":[{"start":{"line":163,"column":9},"end":{"line":163,"column":16}},{"start":{"line":163,"column":9},"end":{"line":163,"column":16}}]},"29":{"loc":{"start":{"line":166,"column":13},"end":{"line":166,"column":27}},"type":"cond-expr","locations":[{"start":{"line":166,"column":18},"end":{"line":166,"column":20}},{"start":{"line":166,"column":13},"end":{"line":166,"column":27}}]},"30":{"loc":{"start":{"line":166,"column":13},"end":{"line":166,"column":20}},"type":"binary-expr","locations":[{"start":{"line":166,"column":13},"end":{"line":166,"column":20}},{"start":{"line":166,"column":13},"end":{"line":166,"column":20}}]},"31":{"loc":{"start":{"line":56,"column":40},"end":{"line":56,"column":null}},"type":"cond-expr","locations":[{"start":{"line":56,"column":48},"end":{"line":56,"column":null}},{"start":{"line":56,"column":48},"end":{"line":56,"column":null}}]},"32":{"loc":{"start":{"line":56,"column":40},"end":{"line":56,"column":48}},"type":"binary-expr","locations":[{"start":{"line":56,"column":40},"end":{"line":56,"column":null}},{"start":{"line":56,"column":40},"end":{"line":56,"column":48}}]},"33":{"loc":{"start":{"line":56,"column":48},"end":{"line":57,"column":null}},"type":"cond-expr","locations":[{"start":{"line":57,"column":57},"end":{"line":57,"column":null}},{"start":{"line":57,"column":57},"end":{"line":57,"column":null}}]},"34":{"loc":{"start":{"line":56,"column":48},"end":{"line":57,"column":57}},"type":"binary-expr","locations":[{"start":{"line":56,"column":48},"end":{"line":57,"column":null}},{"start":{"line":57,"column":51},"end":{"line":57,"column":57}}]},"35":{"loc":{"start":{"line":57,"column":57},"end":{"line":58,"column":null}},"type":"cond-expr","locations":[{"start":{"line":58,"column":47},"end":{"line":58,"column":null}},{"start":{"line":58,"column":47},"end":{"line":58,"column":null}}]},"36":{"loc":{"start":{"line":57,"column":57},"end":{"line":58,"column":47}},"type":"binary-expr","locations":[{"start":{"line":57,"column":57},"end":{"line":58,"column":null}},{"start":{"line":58,"column":35},"end":{"line":58,"column":47}}]},"37":{"loc":{"start":{"line":58,"column":47},"end":{"line":59,"column":null}},"type":"cond-expr","locations":[{"start":{"line":59,"column":57},"end":{"line":59,"column":null}},{"start":{"line":59,"column":57},"end":{"line":59,"column":null}}]},"38":{"loc":{"start":{"line":58,"column":47},"end":{"line":59,"column":57}},"type":"binary-expr","locations":[{"start":{"line":58,"column":47},"end":{"line":59,"column":null}},{"start":{"line":59,"column":40},"end":{"line":59,"column":57}}]},"39":{"loc":{"start":{"line":59,"column":57},"end":{"line":60,"column":null}},"type":"cond-expr","locations":[{"start":{"line":60,"column":57},"end":{"line":60,"column":null}},{"start":{"line":60,"column":57},"end":{"line":60,"column":null}}]},"40":{"loc":{"start":{"line":59,"column":57},"end":{"line":60,"column":57}},"type":"binary-expr","locations":[{"start":{"line":59,"column":57},"end":{"line":60,"column":null}},{"start":{"line":60,"column":40},"end":{"line":60,"column":57}}]}},"s":{"0":1,"1":1,"2":1,"3":1,"4":1,"5":1,"6":1,"7":1,"8":1,"9":1,"10":1,"11":1,"12":1,"13":1,"14":1,"15":1,"16":1,"17":1,"18":1,"19":0,"20":0,"21":0,"22":0,"23":0,"24":0,"25":0,"26":0,"27":0,"28":0,"29":1,"30":0,"31":0,"32":0,"33":0,"34":0,"35":0,"36":0,"37":0,"38":0,"39":0,"40":0,"41":0,"42":0,"43":0,"44":0,"45":0,"46":0,"47":0,"48":0,"49":0,"50":0,"51":0,"52":0,"53":0,"54":0,"55":0,"56":0,"57":0,"58":0,"59":0,"60":0,"61":0,"62":0,"63":0,"64":0,"65":0,"66":0,"67":0,"68":0,"69":0,"70":0,"71":0,"72":0,"73":0,"74":0,"75":1,"76":1},"f":{"0":1,"1":0,"2":0,"3":0,"4":0,"5":0,"6":1,"7":0,"8":0,"9":0,"10":0,"11":0,"12":0,"13":0,"14":0,"15":0,"16":0,"17":0,"18":0,"19":0,"20":0,"21":0,"22":0,"23":0,"24":0,"25":0,"26":0,"27":0,"28":0},"b":{"0":[0,0],"1":[0,0],"2":[0,0],"3":[0,0],"4":[0,0],"5":[0,0],"6":[0,0],"7":[0,0],"8":[0,0],"9":[0,0],"10":[0,0],"11":[0,0],"12":[0,0],"13":[0,0],"14":[0,0],"15":[0,0],"16":[0,0],"17":[0,0],"18":[0,0],"19":[0,0],"20":[0,0],"21":[0,0],"22":[0,0],"23":[0],"24":[0,0,0],"25":[0,0],"26":[0],"27":[0,0],"28":[0,0],"29":[0,0],"30":[0,0],"31":[1,0],"32":[1,1],"33":[0,1],"34":[1,0],"35":[1,0],"36":[1,1],"37":[1,0],"38":[1,1],"39":[1,0],"40":[1,1]}}
,"/media/WINKING/opt2/casper/casper-escrow/www/libs/data-access/deployer/src/lib/deployer.service.ts": {"path":"/media/WINKING/opt2/casper/casper-escrow/www/libs/data-access/deployer/src/lib/deployer.service.ts","statementMap":{"0":{"start":{"line":1,"column":0},"end":{"line":1,"column":62}},"1":{"start":{"line":2,"column":0},"end":{"line":2,"column":51}},"2":{"start":{"line":3,"column":0},"end":{"line":3,"column":86}},"3":{"start":{"line":4,"column":0},"end":{"line":4,"column":57}},"4":{"start":{"line":5,"column":0},"end":{"line":5,"column":60}},"5":{"start":{"line":7,"column":0},"end":{"line":7,"column":68}},"6":{"start":{"line":17,"column":41},"end":{"line":17,"column":49}},"7":{"start":{"line":18,"column":21},"end":{"line":18,"column":27}},"8":{"start":{"line":14,"column":19},"end":{"line":14,"column":46}},"9":{"start":{"line":22,"column":4},"end":{"line":22,"column":27}},"10":{"start":{"line":26,"column":4},"end":{"line":26,"column":37}},"11":{"start":{"line":30,"column":17},"end":{"line":30,"column":33}},"12":{"start":{"line":31,"column":4},"end":{"line":31,"column":45}},"13":{"start":{"line":32,"column":4},"end":{"line":43,"column":8}},"14":{"start":{"line":36,"column":32},"end":{"line":36,"column":69}},"15":{"start":{"line":37,"column":10},"end":{"line":40,"column":13}},"16":{"start":{"line":41,"column":10},"end":{"line":41,"column":31}},"17":{"start":{"line":47,"column":17},"end":{"line":47,"column":33}},"18":{"start":{"line":48,"column":4},"end":{"line":48,"column":45}},"19":{"start":{"line":50,"column":4},"end":{"line":55,"column":8}},"20":{"start":{"line":53,"column":24},"end":{"line":53,"column":61}},"21":{"start":{"line":59,"column":17},"end":{"line":59,"column":33}},"22":{"start":{"line":60,"column":4},"end":{"line":60,"column":45}},"23":{"start":{"line":61,"column":4},"end":{"line":63,"column":7}},"24":{"start":{"line":64,"column":4},"end":{"line":76,"column":8}},"25":{"start":{"line":68,"column":25},"end":{"line":68,"column":62}},"26":{"start":{"line":69,"column":10},"end":{"line":72,"column":13}},"27":{"start":{"line":73,"column":10},"end":{"line":73,"column":24}},"28":{"start":{"line":80,"column":17},"end":{"line":80,"column":33}},"29":{"start":{"line":81,"column":4},"end":{"line":81,"column":59}},"30":{"start":{"line":82,"column":4},"end":{"line":82,"column":51}},"31":{"start":{"line":83,"column":4},"end":{"line":83,"column":57}},"32":{"start":{"line":85,"column":4},"end":{"line":93,"column":8}},"33":{"start":{"line":89,"column":28},"end":{"line":89,"column":65}},"34":{"start":{"line":90,"column":10},"end":{"line":90,"column":27}},"35":{"start":{"line":97,"column":17},"end":{"line":97,"column":33}},"36":{"start":{"line":98,"column":4},"end":{"line":98,"column":57}},"37":{"start":{"line":99,"column":4},"end":{"line":99,"column":59}},"38":{"start":{"line":100,"column":4},"end":{"line":100,"column":51}},"39":{"start":{"line":102,"column":4},"end":{"line":107,"column":8}},"40":{"start":{"line":105,"column":24},"end":{"line":105,"column":61}},"41":{"start":{"line":111,"column":17},"end":{"line":111,"column":33}},"42":{"start":{"line":112,"column":4},"end":{"line":112,"column":57}},"43":{"start":{"line":113,"column":4},"end":{"line":113,"column":51}},"44":{"start":{"line":115,"column":4},"end":{"line":120,"column":8}},"45":{"start":{"line":118,"column":24},"end":{"line":118,"column":61}},"46":{"start":{"line":124,"column":17},"end":{"line":124,"column":33}},"47":{"start":{"line":125,"column":4},"end":{"line":125,"column":59}},"48":{"start":{"line":126,"column":4},"end":{"line":126,"column":39}},"49":{"start":{"line":127,"column":17},"end":{"line":127,"column":89}},"50":{"start":{"line":127,"column":76},"end":{"line":127,"column":87}},"51":{"start":{"line":128,"column":4},"end":{"line":128,"column":67}},"52":{"start":{"line":129,"column":4},"end":{"line":129,"column":57}},"53":{"start":{"line":131,"column":4},"end":{"line":139,"column":8}},"54":{"start":{"line":135,"column":30},"end":{"line":135,"column":72}},"55":{"start":{"line":136,"column":10},"end":{"line":136,"column":29}},"56":{"start":{"line":143,"column":17},"end":{"line":143,"column":33}},"57":{"start":{"line":144,"column":4},"end":{"line":144,"column":59}},"58":{"start":{"line":145,"column":4},"end":{"line":145,"column":57}},"59":{"start":{"line":146,"column":4},"end":{"line":146,"column":61}},"60":{"start":{"line":147,"column":4},"end":{"line":147,"column":67}},"61":{"start":{"line":148,"column":4},"end":{"line":148,"column":49}},"62":{"start":{"line":149,"column":4},"end":{"line":149,"column":45}},"63":{"start":{"line":150,"column":4},"end":{"line":150,"column":57}},"64":{"start":{"line":152,"column":4},"end":{"line":160,"column":8}},"65":{"start":{"line":156,"column":30},"end":{"line":156,"column":72}},"66":{"start":{"line":157,"column":10},"end":{"line":157,"column":29}},"67":{"start":{"line":164,"column":17},"end":{"line":164,"column":33}},"68":{"start":{"line":165,"column":4},"end":{"line":165,"column":57}},"69":{"start":{"line":166,"column":4},"end":{"line":166,"column":53}},"70":{"start":{"line":167,"column":4},"end":{"line":172,"column":8}},"71":{"start":{"line":170,"column":24},"end":{"line":170,"column":70}},"72":{"start":{"line":176,"column":17},"end":{"line":176,"column":33}},"73":{"start":{"line":177,"column":4},"end":{"line":177,"column":57}},"74":{"start":{"line":178,"column":4},"end":{"line":178,"column":72}},"75":{"start":{"line":179,"column":4},"end":{"line":179,"column":98}},"76":{"start":{"line":180,"column":4},"end":{"line":185,"column":8}},"77":{"start":{"line":183,"column":24},"end":{"line":183,"column":67}},"78":{"start":{"line":189,"column":4},"end":{"line":192,"column":null}},"79":{"start":{"line":190,"column":6},"end":{"line":190,"column":30}},"80":{"start":{"line":191,"column":6},"end":{"line":191,"column":43}},"81":{"start":{"line":193,"column":4},"end":{"line":193,"column":25}},"82":{"start":{"line":12,"column":13},"end":{"line":12,"column":null}},"83":{"start":{"line":12,"column":13},"end":{"line":12,"column":28}}},"fnMap":{"0":{"name":"(anonymous_0)","decl":{"start":{"line":16,"column":2},"end":{"line":16,"column":null}},"loc":{"start":{"line":18,"column":37},"end":{"line":19,"column":7}}},"1":{"name":"(anonymous_1)","decl":{"start":{"line":21,"column":2},"end":{"line":21,"column":10}},"loc":{"start":{"line":21,"column":23},"end":{"line":23,"column":3}}},"2":{"name":"(anonymous_2)","decl":{"start":{"line":25,"column":2},"end":{"line":25,"column":10}},"loc":{"start":{"line":25,"column":10},"end":{"line":27,"column":3}}},"3":{"name":"(anonymous_3)","decl":{"start":{"line":29,"column":2},"end":{"line":29,"column":18}},"loc":{"start":{"line":29,"column":33},"end":{"line":44,"column":3}}},"4":{"name":"(anonymous_4)","decl":{"start":{"line":35,"column":12},"end":{"line":35,"column":20}},"loc":{"start":{"line":35,"column":23},"end":{"line":42,"column":9}}},"5":{"name":"(anonymous_5)","decl":{"start":{"line":46,"column":2},"end":{"line":46,"column":10}},"loc":{"start":{"line":46,"column":25},"end":{"line":56,"column":3}}},"6":{"name":"(anonymous_6)","decl":{"start":{"line":53,"column":12},"end":{"line":53,"column":20}},"loc":{"start":{"line":53,"column":24},"end":{"line":53,"column":61}}},"7":{"name":"(anonymous_7)","decl":{"start":{"line":58,"column":2},"end":{"line":58,"column":11}},"loc":{"start":{"line":58,"column":26},"end":{"line":77,"column":3}}},"8":{"name":"(anonymous_8)","decl":{"start":{"line":67,"column":12},"end":{"line":67,"column":20}},"loc":{"start":{"line":67,"column":23},"end":{"line":74,"column":9}}},"9":{"name":"(anonymous_9)","decl":{"start":{"line":79,"column":2},"end":{"line":79,"column":14}},"loc":{"start":{"line":79,"column":72},"end":{"line":94,"column":3}}},"10":{"name":"(anonymous_10)","decl":{"start":{"line":88,"column":12},"end":{"line":88,"column":20}},"loc":{"start":{"line":88,"column":23},"end":{"line":91,"column":9}}},"11":{"name":"(anonymous_11)","decl":{"start":{"line":96,"column":2},"end":{"line":96,"column":12}},"loc":{"start":{"line":96,"column":70},"end":{"line":108,"column":3}}},"12":{"name":"(anonymous_12)","decl":{"start":{"line":105,"column":12},"end":{"line":105,"column":20}},"loc":{"start":{"line":105,"column":24},"end":{"line":105,"column":61}}},"13":{"name":"(anonymous_13)","decl":{"start":{"line":110,"column":2},"end":{"line":110,"column":25}},"loc":{"start":{"line":110,"column":60},"end":{"line":121,"column":3}}},"14":{"name":"(anonymous_14)","decl":{"start":{"line":118,"column":12},"end":{"line":118,"column":20}},"loc":{"start":{"line":118,"column":24},"end":{"line":118,"column":61}}},"15":{"name":"(anonymous_15)","decl":{"start":{"line":123,"column":2},"end":{"line":123,"column":15}},"loc":{"start":{"line":123,"column":83},"end":{"line":140,"column":3}}},"16":{"name":"(anonymous_16)","decl":{"start":{"line":127,"column":68},"end":{"line":127,"column":72}},"loc":{"start":{"line":127,"column":76},"end":{"line":127,"column":87}}},"17":{"name":"(anonymous_17)","decl":{"start":{"line":134,"column":12},"end":{"line":134,"column":20}},"loc":{"start":{"line":134,"column":23},"end":{"line":137,"column":9}}},"18":{"name":"(anonymous_18)","decl":{"start":{"line":142,"column":2},"end":{"line":142,"column":25}},"loc":{"start":{"line":142,"column":155},"end":{"line":161,"column":3}}},"19":{"name":"(anonymous_19)","decl":{"start":{"line":155,"column":12},"end":{"line":155,"column":20}},"loc":{"start":{"line":155,"column":23},"end":{"line":158,"column":9}}},"20":{"name":"(anonymous_20)","decl":{"start":{"line":163,"column":2},"end":{"line":163,"column":11}},"loc":{"start":{"line":163,"column":47},"end":{"line":173,"column":3}}},"21":{"name":"(anonymous_21)","decl":{"start":{"line":170,"column":12},"end":{"line":170,"column":20}},"loc":{"start":{"line":170,"column":24},"end":{"line":170,"column":70}}},"22":{"name":"(anonymous_22)","decl":{"start":{"line":175,"column":2},"end":{"line":175,"column":11}},"loc":{"start":{"line":175,"column":83},"end":{"line":186,"column":3}}},"23":{"name":"(anonymous_23)","decl":{"start":{"line":183,"column":12},"end":{"line":183,"column":20}},"loc":{"start":{"line":183,"column":24},"end":{"line":183,"column":67}}},"24":{"name":"(anonymous_24)","decl":{"start":{"line":188,"column":10},"end":{"line":188,"column":24}},"loc":{"start":{"line":188,"column":47},"end":{"line":194,"column":3}}}},"branchMap":{"0":{"loc":{"start":{"line":83,"column":4},"end":{"line":83,"column":56}},"type":"binary-expr","locations":[{"start":{"line":83,"column":4},"end":{"line":83,"column":10}},{"start":{"line":83,"column":15},"end":{"line":83,"column":55}}]},"1":{"loc":{"start":{"line":98,"column":4},"end":{"line":98,"column":56}},"type":"binary-expr","locations":[{"start":{"line":98,"column":4},"end":{"line":98,"column":10}},{"start":{"line":98,"column":15},"end":{"line":98,"column":55}}]},"2":{"loc":{"start":{"line":112,"column":4},"end":{"line":112,"column":56}},"type":"binary-expr","locations":[{"start":{"line":112,"column":4},"end":{"line":112,"column":10}},{"start":{"line":112,"column":15},"end":{"line":112,"column":55}}]},"3":{"loc":{"start":{"line":127,"column":17},"end":{"line":127,"column":89}},"type":"binary-expr","locations":[{"start":{"line":127,"column":17},"end":{"line":127,"column":22}},{"start":{"line":127,"column":26},"end":{"line":127,"column":88}}]},"4":{"loc":{"start":{"line":127,"column":26},"end":{"line":127,"column":88}},"type":"cond-expr","locations":[{"start":{"line":127,"column":31},"end":{"line":127,"column":33}},{"start":{"line":127,"column":26},"end":{"line":127,"column":88}}]},"5":{"loc":{"start":{"line":127,"column":26},"end":{"line":127,"column":33}},"type":"binary-expr","locations":[{"start":{"line":127,"column":26},"end":{"line":127,"column":33}},{"start":{"line":127,"column":26},"end":{"line":127,"column":33}}]},"6":{"loc":{"start":{"line":128,"column":4},"end":{"line":128,"column":66}},"type":"binary-expr","locations":[{"start":{"line":128,"column":4},"end":{"line":128,"column":8}},{"start":{"line":128,"column":13},"end":{"line":128,"column":65}}]},"7":{"loc":{"start":{"line":129,"column":4},"end":{"line":129,"column":56}},"type":"binary-expr","locations":[{"start":{"line":129,"column":4},"end":{"line":129,"column":10}},{"start":{"line":129,"column":15},"end":{"line":129,"column":55}}]},"8":{"loc":{"start":{"line":150,"column":4},"end":{"line":150,"column":56}},"type":"binary-expr","locations":[{"start":{"line":150,"column":4},"end":{"line":150,"column":10}},{"start":{"line":150,"column":15},"end":{"line":150,"column":55}}]},"9":{"loc":{"start":{"line":165,"column":4},"end":{"line":165,"column":56}},"type":"binary-expr","locations":[{"start":{"line":165,"column":4},"end":{"line":165,"column":10}},{"start":{"line":165,"column":15},"end":{"line":165,"column":55}}]},"10":{"loc":{"start":{"line":177,"column":4},"end":{"line":177,"column":56}},"type":"binary-expr","locations":[{"start":{"line":177,"column":4},"end":{"line":177,"column":10}},{"start":{"line":177,"column":15},"end":{"line":177,"column":55}}]},"11":{"loc":{"start":{"line":178,"column":4},"end":{"line":178,"column":71}},"type":"binary-expr","locations":[{"start":{"line":178,"column":4},"end":{"line":178,"column":15}},{"start":{"line":178,"column":20},"end":{"line":178,"column":70}}]},"12":{"loc":{"start":{"line":189,"column":4},"end":{"line":192,"column":null}},"type":"if","locations":[{"start":{"line":189,"column":4},"end":{"line":192,"column":null}}]},"13":{"loc":{"start":{"line":17,"column":49},"end":{"line":17,"column":null}},"type":"cond-expr","locations":[{"start":{"line":17,"column":66},"end":{"line":17,"column":null}},{"start":{"line":17,"column":66},"end":{"line":17,"column":null}}]},"14":{"loc":{"start":{"line":17,"column":49},"end":{"line":17,"column":66}},"type":"binary-expr","locations":[{"start":{"line":17,"column":49},"end":{"line":17,"column":null}},{"start":{"line":17,"column":49},"end":{"line":17,"column":66}}]},"15":{"loc":{"start":{"line":17,"column":66},"end":{"line":18,"column":null}},"type":"cond-expr","locations":[{"start":{"line":18,"column":37},"end":{"line":18,"column":null}},{"start":{"line":18,"column":37},"end":{"line":18,"column":null}}]},"16":{"loc":{"start":{"line":17,"column":66},"end":{"line":18,"column":37}},"type":"binary-expr","locations":[{"start":{"line":17,"column":66},"end":{"line":18,"column":null}},{"start":{"line":18,"column":27},"end":{"line":18,"column":37}}]}},"s":{"0":1,"1":1,"2":1,"3":1,"4":1,"5":1,"6":1,"7":1,"8":1,"9":0,"10":0,"11":0,"12":0,"13":0,"14":0,"15":0,"16":0,"17":0,"18":0,"19":0,"20":0,"21":0,"22":0,"23":0,"24":0,"25":0,"26":0,"27":0,"28":0,"29":0,"30":0,"31":0,"32":0,"33":0,"34":0,"35":0,"36":0,"37":0,"38":0,"39":0,"40":0,"41":0,"42":0,"43":0,"44":0,"45":0,"46":0,"47":0,"48":0,"49":0,"50":0,"51":0,"52":0,"53":0,"54":0,"55":0,"56":0,"57":0,"58":0,"59":0,"60":0,"61":0,"62":0,"63":0,"64":0,"65":0,"66":0,"67":0,"68":0,"69":0,"70":0,"71":0,"72":0,"73":0,"74":0,"75":0,"76":0,"77":0,"78":0,"79":0,"80":0,"81":0,"82":1,"83":1},"f":{"0":1,"1":0,"2":0,"3":0,"4":0,"5":0,"6":0,"7":0,"8":0,"9":0,"10":0,"11":0,"12":0,"13":0,"14":0,"15":0,"16":0,"17":0,"18":0,"19":0,"20":0,"21":0,"22":0,"23":0,"24":0},"b":{"0":[0,0],"1":[0,0],"2":[0,0],"3":[0,0],"4":[0,0],"5":[0,0],"6":[0,0],"7":[0,0],"8":[0,0],"9":[0,0],"10":[0,0],"11":[0,0],"12":[0],"13":[0,1],"14":[1,0],"15":[1,0],"16":[1,1]}}
,"/media/WINKING/opt2/casper/casper-escrow/www/libs/data-access/users/src/lib/users.service.ts": {"path":"/media/WINKING/opt2/casper/casper-escrow/www/libs/data-access/users/src/lib/users.service.ts","statementMap":{"0":{"start":{"line":1,"column":0},"end":{"line":1,"column":51}},"1":{"start":{"line":2,"column":0},"end":{"line":2,"column":80}},"2":{"start":{"line":3,"column":0},"end":{"line":3,"column":39}},"3":{"start":{"line":4,"column":0},"end":{"line":4,"column":62}},"4":{"start":{"line":5,"column":0},"end":{"line":5,"column":68}},"5":{"start":{"line":13,"column":41},"end":{"line":13,"column":49}},"6":{"start":{"line":14,"column":21},"end":{"line":14,"column":27}},"7":{"start":{"line":18,"column":4},"end":{"line":18,"column":86}},"8":{"start":{"line":22,"column":17},"end":{"line":22,"column":33}},"9":{"start":{"line":23,"column":4},"end":{"line":23,"column":51}},"10":{"start":{"line":24,"column":4},"end":{"line":30,"column":12}},"11":{"start":{"line":28,"column":11},"end":{"line":28,"column":62}},"12":{"start":{"line":29,"column":10},"end":{"line":29,"column":26}},"13":{"start":{"line":10,"column":13},"end":{"line":10,"column":null}},"14":{"start":{"line":10,"column":13},"end":{"line":10,"column":25}}},"fnMap":{"0":{"name":"(anonymous_0)","decl":{"start":{"line":12,"column":2},"end":{"line":12,"column":null}},"loc":{"start":{"line":14,"column":37},"end":{"line":15,"column":7}}},"1":{"name":"(anonymous_1)","decl":{"start":{"line":17,"column":2},"end":{"line":17,"column":5}},"loc":{"start":{"line":17,"column":5},"end":{"line":19,"column":3}}},"2":{"name":"(anonymous_2)","decl":{"start":{"line":21,"column":2},"end":{"line":21,"column":10}},"loc":{"start":{"line":21,"column":28},"end":{"line":31,"column":3}}},"3":{"name":"(anonymous_3)","decl":{"start":{"line":27,"column":12},"end":{"line":27,"column":13}},"loc":{"start":{"line":27,"column":40},"end":{"line":30,"column":9}}}},"branchMap":{"0":{"loc":{"start":{"line":28,"column":11},"end":{"line":28,"column":61}},"type":"binary-expr","locations":[{"start":{"line":28,"column":11},"end":{"line":28,"column":34}},{"start":{"line":28,"column":38},"end":{"line":28,"column":61}}]},"1":{"loc":{"start":{"line":13,"column":49},"end":{"line":13,"column":null}},"type":"cond-expr","locations":[{"start":{"line":13,"column":66},"end":{"line":13,"column":null}},{"start":{"line":13,"column":66},"end":{"line":13,"column":null}}]},"2":{"loc":{"start":{"line":13,"column":49},"end":{"line":13,"column":66}},"type":"binary-expr","locations":[{"start":{"line":13,"column":49},"end":{"line":13,"column":null}},{"start":{"line":13,"column":49},"end":{"line":13,"column":66}}]},"3":{"loc":{"start":{"line":13,"column":66},"end":{"line":14,"column":null}},"type":"cond-expr","locations":[{"start":{"line":14,"column":37},"end":{"line":14,"column":null}},{"start":{"line":14,"column":37},"end":{"line":14,"column":null}}]},"4":{"loc":{"start":{"line":13,"column":66},"end":{"line":14,"column":37}},"type":"binary-expr","locations":[{"start":{"line":13,"column":66},"end":{"line":14,"column":null}},{"start":{"line":14,"column":27},"end":{"line":14,"column":37}}]}},"s":{"0":1,"1":1,"2":1,"3":1,"4":1,"5":1,"6":1,"7":0,"8":0,"9":0,"10":0,"11":0,"12":0,"13":1,"14":1},"f":{"0":1,"1":0,"2":0,"3":0},"b":{"0":[0,0],"1":[0,1],"2":[1,0],"3":[1,0],"4":[1,1]}}
,"/media/WINKING/opt2/casper/casper-escrow/www/libs/feature/buyer/src/lib/buyer/buyer.component.html": {"path":"/media/WINKING/opt2/casper/casper-escrow/www/libs/feature/buyer/src/lib/buyer/buyer.component.html","statementMap":{"0":{"start":{"line":1,"column":0},"end":{"line":1,"column":482}}},"fnMap":{},"branchMap":{},"s":{"0":1},"f":{},"b":{},"_coverageSchema":"1a1c01bbd47fc00a2c39e90264f33305004495a9","hash":"a7244563b54ea8c897bad39f7498088673dde0a5"}
,"/media/WINKING/opt2/casper/casper-escrow/www/libs/feature/buyer/src/lib/buyer/buyer.component.ts": {"path":"/media/WINKING/opt2/casper/casper-escrow/www/libs/feature/buyer/src/lib/buyer/buyer.component.ts","statementMap":{"0":{"start":{"line":1,"column":0},"end":{"line":1,"column":67}},"1":{"start":{"line":2,"column":0},"end":{"line":2,"column":47}},"2":{"start":{"line":12,"column":13},"end":{"line":12,"column":null}},"3":{"start":{"line":12,"column":13},"end":{"line":12,"column":27}}},"fnMap":{"0":{"name":"(anonymous_0)","decl":{"start":{"line":14,"column":2},"end":{"line":14,"column":6}},"loc":{"start":{"line":14,"column":6},"end":{"line":16,"column":3}}}},"branchMap":{},"s":{"0":1,"1":1,"2":1,"3":1},"f":{"0":0},"b":{}}
,"/media/WINKING/opt2/casper/casper-escrow/www/libs/feature/deployer/src/lib/balance/balance.component.html": {"path":"/media/WINKING/opt2/casper/casper-escrow/www/libs/feature/deployer/src/lib/balance/balance.component.html","statementMap":{"0":{"start":{"line":1,"column":0},"end":{"line":1,"column":1772}}},"fnMap":{},"branchMap":{},"s":{"0":2},"f":{},"b":{},"_coverageSchema":"1a1c01bbd47fc00a2c39e90264f33305004495a9","hash":"8e696f3406fd0f02d46fb7d9e11f9445ae1e3327"}
,"/media/WINKING/opt2/casper/casper-escrow/www/libs/feature/deployer/src/lib/balance/balance.component.ts": {"path":"/media/WINKING/opt2/casper/casper-escrow/www/libs/feature/deployer/src/lib/balance/balance.component.ts","statementMap":{"0":{"start":{"line":1,"column":0},"end":{"line":1,"column":165}},"1":{"start":{"line":2,"column":0},"end":{"line":2,"column":47}},"2":{"start":{"line":4,"column":0},"end":{"line":4,"column":68}},"3":{"start":{"line":6,"column":0},"end":{"line":6,"column":57}},"4":{"start":{"line":7,"column":0},"end":{"line":7,"column":68}},"5":{"start":{"line":30,"column":21},"end":{"line":30,"column":38}},"6":{"start":{"line":31,"column":21},"end":{"line":31,"column":36}},"7":{"start":{"line":32,"column":21},"end":{"line":32,"column":40}},"8":{"start":{"line":33,"column":40},"end":{"line":33,"column":48}},"9":{"start":{"line":20,"column":2},"end":{"line":20,"column":14}},"10":{"start":{"line":23,"column":12},"end":{"line":23,"column":null}},"11":{"start":{"line":37,"column":4},"end":{"line":44,"column":7}},"12":{"start":{"line":38,"column":6},"end":{"line":38,"column":72}},"13":{"start":{"line":39,"column":6},"end":{"line":39,"column":51}},"14":{"start":{"line":40,"column":6},"end":{"line":42,"column":null}},"15":{"start":{"line":41,"column":8},"end":{"line":41,"column":35}},"16":{"start":{"line":43,"column":6},"end":{"line":43,"column":44}},"17":{"start":{"line":48,"column":4},"end":{"line":48,"column":73}},"18":{"start":{"line":49,"column":4},"end":{"line":49,"column":77}},"19":{"start":{"line":53,"column":22},"end":{"line":53,"column":59}},"20":{"start":{"line":54,"column":4},"end":{"line":61,"column":8}},"21":{"start":{"line":59,"column":6},"end":{"line":59,"column":90}},"22":{"start":{"line":60,"column":6},"end":{"line":60,"column":48}},"23":{"start":{"line":65,"column":4},"end":{"line":66,"column":46}},"24":{"start":{"line":70,"column":4},"end":{"line":70,"column":44}},"25":{"start":{"line":17,"column":13},"end":{"line":17,"column":null}},"26":{"start":{"line":17,"column":13},"end":{"line":17,"column":29}}},"fnMap":{"0":{"name":"(anonymous_0)","decl":{"start":{"line":29,"column":2},"end":{"line":29,"column":null}},"loc":{"start":{"line":33,"column":65},"end":{"line":34,"column":7}}},"1":{"name":"(anonymous_1)","decl":{"start":{"line":36,"column":2},"end":{"line":36,"column":17}},"loc":{"start":{"line":36,"column":17},"end":{"line":45,"column":3}}},"2":{"name":"(anonymous_2)","decl":{"start":{"line":37,"column":74},"end":{"line":37,"column":75}},"loc":{"start":{"line":37,"column":91},"end":{"line":44,"column":5}}},"3":{"name":"(anonymous_3)","decl":{"start":{"line":47,"column":2},"end":{"line":47,"column":13}},"loc":{"start":{"line":47,"column":13},"end":{"line":50,"column":3}}},"4":{"name":"(anonymous_4)","decl":{"start":{"line":52,"column":2},"end":{"line":52,"column":12}},"loc":{"start":{"line":52,"column":12},"end":{"line":62,"column":3}}},"5":{"name":"(anonymous_5)","decl":{"start":{"line":58,"column":16},"end":{"line":58,"column":31}},"loc":{"start":{"line":58,"column":34},"end":{"line":61,"column":5}}},"6":{"name":"(anonymous_6)","decl":{"start":{"line":64,"column":2},"end":{"line":64,"column":6}},"loc":{"start":{"line":64,"column":29},"end":{"line":67,"column":3}}},"7":{"name":"(anonymous_7)","decl":{"start":{"line":69,"column":2},"end":{"line":69,"column":6}},"loc":{"start":{"line":69,"column":20},"end":{"line":71,"column":3}}}},"branchMap":{"0":{"loc":{"start":{"line":38,"column":6},"end":{"line":38,"column":71}},"type":"binary-expr","locations":[{"start":{"line":38,"column":6},"end":{"line":38,"column":25}},{"start":{"line":38,"column":30},"end":{"line":38,"column":70}}]},"1":{"loc":{"start":{"line":39,"column":6},"end":{"line":39,"column":50}},"type":"binary-expr","locations":[{"start":{"line":39,"column":6},"end":{"line":39,"column":18}},{"start":{"line":39,"column":23},"end":{"line":39,"column":49}}]},"2":{"loc":{"start":{"line":40,"column":6},"end":{"line":42,"column":null}},"type":"if","locations":[{"start":{"line":40,"column":6},"end":{"line":42,"column":null}}]},"3":{"loc":{"start":{"line":48,"column":4},"end":{"line":48,"column":72}},"type":"binary-expr","locations":[{"start":{"line":48,"column":4},"end":{"line":48,"column":29}},{"start":{"line":48,"column":33},"end":{"line":48,"column":72}}]},"4":{"loc":{"start":{"line":49,"column":4},"end":{"line":49,"column":76}},"type":"binary-expr","locations":[{"start":{"line":49,"column":4},"end":{"line":49,"column":31}},{"start":{"line":49,"column":35},"end":{"line":49,"column":76}}]},"5":{"loc":{"start":{"line":54,"column":4},"end":{"line":61,"column":7}},"type":"binary-expr","locations":[{"start":{"line":54,"column":4},"end":{"line":54,"column":13}},{"start":{"line":54,"column":17},"end":{"line":54,"column":35}},{"start":{"line":54,"column":40},"end":{"line":61,"column":6}}]},"6":{"loc":{"start":{"line":59,"column":6},"end":{"line":59,"column":89}},"type":"binary-expr","locations":[{"start":{"line":59,"column":6},"end":{"line":59,"column":21}},{"start":{"line":59,"column":25},"end":{"line":59,"column":89}}]},"7":{"loc":{"start":{"line":65,"column":11},"end":{"line":66,"column":46}},"type":"binary-expr","locations":[{"start":{"line":65,"column":11},"end":{"line":65,"column":30}},{"start":{"line":66,"column":6},"end":{"line":66,"column":46}}]},"8":{"loc":{"start":{"line":66,"column":7},"end":{"line":66,"column":45}},"type":"cond-expr","locations":[{"start":{"line":66,"column":24},"end":{"line":66,"column":26}},{"start":{"line":66,"column":24},"end":{"line":66,"column":45}}]},"9":{"loc":{"start":{"line":66,"column":7},"end":{"line":66,"column":26}},"type":"binary-expr","locations":[{"start":{"line":66,"column":7},"end":{"line":66,"column":26}},{"start":{"line":66,"column":24},"end":{"line":66,"column":26}}]},"10":{"loc":{"start":{"line":30,"column":38},"end":{"line":30,"column":null}},"type":"cond-expr","locations":[{"start":{"line":30,"column":53},"end":{"line":30,"column":null}},{"start":{"line":30,"column":53},"end":{"line":30,"column":null}}]},"11":{"loc":{"start":{"line":30,"column":38},"end":{"line":30,"column":53}},"type":"binary-expr","locations":[{"start":{"line":30,"column":38},"end":{"line":30,"column":null}},{"start":{"line":30,"column":38},"end":{"line":30,"column":53}}]},"12":{"loc":{"start":{"line":30,"column":53},"end":{"line":31,"column":null}},"type":"cond-expr","locations":[{"start":{"line":31,"column":49},"end":{"line":31,"column":null}},{"start":{"line":31,"column":49},"end":{"line":31,"column":null}}]},"13":{"loc":{"start":{"line":30,"column":53},"end":{"line":31,"column":49}},"type":"binary-expr","locations":[{"start":{"line":30,"column":53},"end":{"line":31,"column":null}},{"start":{"line":31,"column":36},"end":{"line":31,"column":49}}]},"14":{"loc":{"start":{"line":31,"column":49},"end":{"line":32,"column":null}},"type":"cond-expr","locations":[{"start":{"line":32,"column":57},"end":{"line":32,"column":null}},{"start":{"line":32,"column":57},"end":{"line":32,"column":null}}]},"15":{"loc":{"start":{"line":31,"column":49},"end":{"line":32,"column":57}},"type":"binary-expr","locations":[{"start":{"line":31,"column":49},"end":{"line":32,"column":null}},{"start":{"line":32,"column":40},"end":{"line":32,"column":57}}]},"16":{"loc":{"start":{"line":32,"column":57},"end":{"line":33,"column":null}},"type":"cond-expr","locations":[{"start":{"line":33,"column":65},"end":{"line":33,"column":null}},{"start":{"line":33,"column":65},"end":{"line":33,"column":null}}]},"17":{"loc":{"start":{"line":32,"column":57},"end":{"line":33,"column":65}},"type":"binary-expr","locations":[{"start":{"line":32,"column":57},"end":{"line":33,"column":null}},{"start":{"line":33,"column":48},"end":{"line":33,"column":65}}]}},"s":{"0":2,"1":2,"2":2,"3":2,"4":2,"5":2,"6":2,"7":2,"8":2,"9":2,"10":2,"11":2,"12":0,"13":0,"14":0,"15":0,"16":0,"17":2,"18":2,"19":0,"20":0,"21":0,"22":0,"23":2,"24":0,"25":2,"26":2},"f":{"0":2,"1":2,"2":0,"3":2,"4":0,"5":0,"6":2,"7":0},"b":{"0":[0,0],"1":[0,0],"2":[0],"3":[2,2],"4":[2,0],"5":[0,0,0],"6":[0,0],"7":[2,0],"8":[0,0],"9":[0,0],"10":[2,0],"11":[2,2],"12":[2,0],"13":[2,2],"14":[2,0],"15":[2,2],"16":[0,2],"17":[2,0]}}
,"/media/WINKING/opt2/casper/casper-escrow/www/libs/feature/deployer/src/lib/deployer/deployer.component.html": {"path":"/media/WINKING/opt2/casper/casper-escrow/www/libs/feature/deployer/src/lib/deployer/deployer.component.html","statementMap":{"0":{"start":{"line":1,"column":0},"end":{"line":1,"column":883}}},"fnMap":{},"branchMap":{},"s":{"0":1},"f":{},"b":{},"_coverageSchema":"1a1c01bbd47fc00a2c39e90264f33305004495a9","hash":"49e980219105047e2c3f24894db8d143b3fa116d"}
[...]
expr","locations":[{"start":{"line":116,"column":30},"end":{"line":116,"column":32}},{"start":{"line":116,"column":30},"end":{"line":116,"column":51}}]},"28":{"loc":{"start":{"line":116,"column":12},"end":{"line":116,"column":32}},"type":"binary-expr","locations":[{"start":{"line":116,"column":12},"end":{"line":116,"column":32}},{"start":{"line":116,"column":30},"end":{"line":116,"column":32}}]},"29":{"loc":{"start":{"line":117,"column":7},"end":{"line":117,"column":42}},"type":"cond-expr","locations":[{"start":{"line":117,"column":21},"end":{"line":117,"column":23}},{"start":{"line":117,"column":21},"end":{"line":117,"column":42}}]},"30":{"loc":{"start":{"line":117,"column":7},"end":{"line":117,"column":23}},"type":"binary-expr","locations":[{"start":{"line":117,"column":7},"end":{"line":117,"column":23}},{"start":{"line":117,"column":21},"end":{"line":117,"column":23}}]},"31":{"loc":{"start":{"line":34,"column":40},"end":{"line":34,"column":null}},"type":"cond-expr","locations":[{"start":{"line":34,"column":48},"end":{"line":34,"column":null}},{"start":{"line":34,"column":48},"end":{"line":34,"column":null}}]},"32":{"loc":{"start":{"line":34,"column":40},"end":{"line":34,"column":48}},"type":"binary-expr","locations":[{"start":{"line":34,"column":40},"end":{"line":34,"column":null}},{"start":{"line":34,"column":40},"end":{"line":34,"column":48}}]},"33":{"loc":{"start":{"line":34,"column":48},"end":{"line":35,"column":null}},"type":"cond-expr","locations":[{"start":{"line":35,"column":53},"end":{"line":35,"column":null}},{"start":{"line":35,"column":53},"end":{"line":35,"column":null}}]},"34":{"loc":{"start":{"line":34,"column":48},"end":{"line":35,"column":53}},"type":"binary-expr","locations":[{"start":{"line":34,"column":48},"end":{"line":35,"column":null}},{"start":{"line":35,"column":38},"end":{"line":35,"column":53}}]},"35":{"loc":{"start":{"line":35,"column":53},"end":{"line":36,"column":null}},"type":"cond-expr","locations":[{"start":{"line":36,"column":49},"end":{"line":36,"column":null}},{"start":{"line":36,"column":49},"end":{"line":36,"column":null}}]},"36":{"loc":{"start":{"line":35,"column":53},"end":{"line":36,"column":49}},"type":"binary-expr","locations":[{"start":{"line":35,"column":53},"end":{"line":36,"column":null}},{"start":{"line":36,"column":36},"end":{"line":36,"column":49}}]},"37":{"loc":{"start":{"line":36,"column":49},"end":{"line":37,"column":null}},"type":"cond-expr","locations":[{"start":{"line":37,"column":65},"end":{"line":37,"column":null}},{"start":{"line":37,"column":65},"end":{"line":37,"column":null}}]},"38":{"loc":{"start":{"line":36,"column":49},"end":{"line":37,"column":65}},"type":"binary-expr","locations":[{"start":{"line":36,"column":49},"end":{"line":37,"column":null}},{"start":{"line":37,"column":48},"end":{"line":37,"column":65}}]},"39":{"loc":{"start":{"line":37,"column":65},"end":{"line":38,"column":null}},"type":"cond-expr","locations":[{"start":{"line":38,"column":57},"end":{"line":38,"column":null}},{"start":{"line":38,"column":57},"end":{"line":38,"column":null}}]},"40":{"loc":{"start":{"line":37,"column":65},"end":{"line":38,"column":57}},"type":"binary-expr","locations":[{"start":{"line":37,"column":65},"end":{"line":38,"column":null}},{"start":{"line":38,"column":40},"end":{"line":38,"column":57}}]}},"s":{"0":2,"1":2,"2":2,"3":2,"4":2,"5":2,"6":2,"7":2,"8":2,"9":2,"10":2,"11":2,"12":2,"13":2,"14":0,"15":0,"16":0,"17":0,"18":2,"19":0,"20":0,"21":0,"22":0,"23":0,"24":0,"25":0,"26":0,"27":0,"28":0,"29":0,"30":0,"31":0,"32":0,"33":0,"34":0,"35":0,"36":0,"37":0,"38":0,"39":0,"40":0,"41":0,"42":0,"43":0,"44":0,"45":0,"46":0,"47":0,"48":0,"49":2,"50":2,"51":2},"f":{"0":2,"1":2,"2":0,"3":2,"4":0,"5":0,"6":2},"b":{"0":[0],"1":[0,0],"2":[0,0],"3":[0,0],"4":[2,2],"5":[0],"6":[0,0],"7":[0,0],"8":[0,0],"9":[0,0],"10":[0,0],"11":[0,0],"12":[0,0],"13":[0,0],"14":[0,0],"15":[0,0],"16":[0,0],"17":[0,0],"18":[0,0,0],"19":[0],"20":[0,0],"21":[0,0],"22":[0,0],"23":[0,0],"24":[0],"25":[0,0],"26":[2,0],"27":[2,0],"28":[2,2],"29":[0,0],"30":[0,0],"31":[2,0],"32":[2,2],"33":[2,0],"34":[2,2],"35":[2,0],"36":[2,2],"37":[0,2],"38":[2,0],"39":[2,0],"40":[2,2]}}
,"/media/WINKING/opt2/casper/casper-escrow/www/libs/feature/escrow/src/lib/escrow/escrow.component.html": {"path":"/media/WINKING/opt2/casper/casper-escrow/www/libs/feature/escrow/src/lib/escrow/escrow.component.html","statementMap":{"0":{"start":{"line":1,"column":0},"end":{"line":1,"column":164}}},"fnMap":{},"branchMap":{},"s":{"0":1},"f":{},"b":{},"_coverageSchema":"1a1c01bbd47fc00a2c39e90264f33305004495a9","hash":"ceb0c42156f159f294b0d064793604b96a7485e4"}
,"/media/WINKING/opt2/casper/casper-escrow/www/libs/feature/escrow/src/lib/escrow/escrow.component.ts": {"path":"/media/WINKING/opt2/casper/casper-escrow/www/libs/feature/escrow/src/lib/escrow/escrow.component.ts","statementMap":{"0":{"start":{"line":1,"column":0},"end":{"line":1,"column":49}},"1":{"start":{"line":2,"column":0},"end":{"line":2,"column":47}},"2":{"start":{"line":12,"column":13},"end":{"line":12,"column":null}},"3":{"start":{"line":12,"column":13},"end":{"line":12,"column":28}}},"fnMap":{},"branchMap":{},"s":{"0":1,"1":1,"2":1,"3":1},"f":{},"b":{}}
,"/media/WINKING/opt2/casper/casper-escrow/www/libs/feature/escrower/src/lib/escrower/escrower.component.html": {"path":"/media/WINKING/opt2/casper/casper-escrow/www/libs/feature/escrower/src/lib/escrower/escrower.component.html","statementMap":{"0":{"start":{"line":1,"column":0},"end":{"line":1,"column":483}}},"fnMap":{},"branchMap":{},"s":{"0":1},"f":{},"b":{},"_coverageSchema":"1a1c01bbd47fc00a2c39e90264f33305004495a9","hash":"1d77044f79fe5af952071c157e099b001d34901c"}
,"/media/WINKING/opt2/casper/casper-escrow/www/libs/feature/escrower/src/lib/escrower/escrower.component.ts": {"path":"/media/WINKING/opt2/casper/casper-escrow/www/libs/feature/escrower/src/lib/escrower/escrower.component.ts","statementMap":{"0":{"start":{"line":1,"column":0},"end":{"line":1,"column":120}},"1":{"start":{"line":2,"column":0},"end":{"line":2,"column":47}},"2":{"start":{"line":3,"column":0},"end":{"line":3,"column":61}},"3":{"start":{"line":5,"column":0},"end":{"line":5,"column":58}},"4":{"start":{"line":6,"column":0},"end":{"line":6,"column":54}},"5":{"start":{"line":7,"column":0},"end":{"line":7,"column":58}},"6":{"start":{"line":8,"column":0},"end":{"line":8,"column":56}},"7":{"start":{"line":9,"column":0},"end":{"line":9,"column":56}},"8":{"start":{"line":32,"column":21},"end":{"line":32,"column":40}},"9":{"start":{"line":33,"column":21},"end":{"line":33,"column":40}},"10":{"start":{"line":27,"column":2},"end":{"line":27,"column":16}},"11":{"start":{"line":37,"column":4},"end":{"line":37,"column":37}},"12":{"start":{"line":41,"column":4},"end":{"line":41,"column":77}},"13":{"start":{"line":46,"column":4},"end":{"line":51,"column":7}},"14":{"start":{"line":47,"column":6},"end":{"line":50,"column":null}},"15":{"start":{"line":48,"column":8},"end":{"line":48,"column":36}},"16":{"start":{"line":49,"column":8},"end":{"line":49,"column":46}},"17":{"start":{"line":25,"column":13},"end":{"line":25,"column":null}},"18":{"start":{"line":25,"column":13},"end":{"line":25,"column":30}}},"fnMap":{"0":{"name":"(anonymous_0)","decl":{"start":{"line":31,"column":2},"end":{"line":31,"column":null}},"loc":{"start":{"line":33,"column":57},"end":{"line":34,"column":7}}},"1":{"name":"(anonymous_1)","decl":{"start":{"line":36,"column":2},"end":{"line":36,"column":17}},"loc":{"start":{"line":36,"column":17},"end":{"line":38,"column":3}}},"2":{"name":"(anonymous_2)","decl":{"start":{"line":40,"column":2},"end":{"line":40,"column":13}},"loc":{"start":{"line":40,"column":13},"end":{"line":42,"column":3}}},"3":{"name":"(anonymous_3)","decl":{"start":{"line":44,"column":10},"end":{"line":44,"column":35}},"loc":{"start":{"line":44,"column":35},"end":{"line":52,"column":3}}},"4":{"name":"(anonymous_4)","decl":{"start":{"line":46,"column":78},"end":{"line":46,"column":79}},"loc":{"start":{"line":46,"column":95},"end":{"line":51,"column":5}}}},"branchMap":{"0":{"loc":{"start":{"line":41,"column":4},"end":{"line":41,"column":76}},"type":"binary-expr","locations":[{"start":{"line":41,"column":4},"end":{"line":41,"column":31}},{"start":{"line":41,"column":35},"end":{"line":41,"column":76}}]},"1":{"loc":{"start":{"line":47,"column":6},"end":{"line":50,"column":null}},"type":"if","locations":[{"start":{"line":47,"column":6},"end":{"line":50,"column":null}}]},"2":{"loc":{"start":{"line":47,"column":10},"end":{"line":47,"column":26}},"type":"cond-expr","locations":[{"start":{"line":47,"column":20},"end":{"line":47,"column":22}},{"start":{"line":47,"column":20},"end":{"line":47,"column":26}}]},"3":{"loc":{"start":{"line":47,"column":10},"end":{"line":47,"column":22}},"type":"binary-expr","locations":[{"start":{"line":47,"column":10},"end":{"line":47,"column":22}},{"start":{"line":47,"column":20},"end":{"line":47,"column":22}}]},"4":{"loc":{"start":{"line":32,"column":40},"end":{"line":32,"column":null}},"type":"cond-expr","locations":[{"start":{"line":32,"column":57},"end":{"line":32,"column":null}},{"start":{"line":32,"column":57},"end":{"line":32,"column":null}}]},"5":{"loc":{"start":{"line":32,"column":40},"end":{"line":32,"column":57}},"type":"binary-expr","locations":[{"start":{"line":32,"column":40},"end":{"line":32,"column":null}},{"start":{"line":32,"column":40},"end":{"line":32,"column":57}}]},"6":{"loc":{"start":{"line":32,"column":57},"end":{"line":33,"column":null}},"type":"cond-expr","locations":[{"start":{"line":33,"column":57},"end":{"line":33,"column":null}},{"start":{"line":33,"column":57},"end":{"line":33,"column":null}}]},"7":{"loc":{"start":{"line":32,"column":57},"end":{"line":33,"column":57}},"type":"binary-expr","locations":[{"start":{"line":32,"column":57},"end":{"line":33,"column":null}},{"start":{"line":33,"column":40},"end":{"line":33,"column":57}}]}},"s":{"0":1,"1":1,"2":1,"3":1,"4":1,"5":1,"6":1,"7":1,"8":1,"9":1,"10":1,"11":1,"12":1,"13":1,"14":1,"15":0,"16":0,"17":1,"18":1},"f":{"0":1,"1":1,"2":1,"3":1,"4":1},"b":{"0":[1,1],"1":[0],"2":[1,0],"3":[1,1],"4":[1,0],"5":[1,1],"6":[1,0],"7":[1,1]}}
,"/media/WINKING/opt2/casper/casper-escrow/www/libs/feature/postman/src/lib/postman/postman.component.html": {"path":"/media/WINKING/opt2/casper/casper-escrow/www/libs/feature/postman/src/lib/postman/postman.component.html","statementMap":{"0":{"start":{"line":1,"column":0},"end":{"line":1,"column":165}}},"fnMap":{},"branchMap":{},"s":{"0":1},"f":{},"b":{},"_coverageSchema":"1a1c01bbd47fc00a2c39e90264f33305004495a9","hash":"595f70a763ed155fed7441ec18e8331988efd044"}
,"/media/WINKING/opt2/casper/casper-escrow/www/libs/feature/postman/src/lib/postman/postman.component.ts": {"path":"/media/WINKING/opt2/casper/casper-escrow/www/libs/feature/postman/src/lib/postman/postman.component.ts","statementMap":{"0":{"start":{"line":1,"column":0},"end":{"line":1,"column":57}},"1":{"start":{"line":2,"column":0},"end":{"line":2,"column":47}},"2":{"start":{"line":12,"column":13},"end":{"line":12,"column":null}},"3":{"start":{"line":12,"column":13},"end":{"line":12,"column":29}}},"fnMap":{"0":{"name":"(anonymous_0)","decl":{"start":{"line":14,"column":2},"end":{"line":14,"column":18}},"loc":{"start":{"line":14,"column":2},"end":{"line":14,"column":19}}},"1":{"name":"(anonymous_1)","decl":{"start":{"line":16,"column":2},"end":{"line":16,"column":10}},"loc":{"start":{"line":16,"column":10},"end":{"line":16,"column":22}}}},"branchMap":{},"s":{"0":1,"1":1,"2":1,"3":1},"f":{"0":1,"1":1},"b":{}}
,"/media/WINKING/opt2/casper/casper-escrow/www/libs/feature/seller/src/lib/seller/seller.component.html": {"path":"/media/WINKING/opt2/casper/casper-escrow/www/libs/feature/seller/src/lib/seller/seller.component.html","statementMap":{"0":{"start":{"line":1,"column":0},"end":{"line":1,"column":468}}},"fnMap":{},"branchMap":{},"s":{"0":1},"f":{},"b":{},"_coverageSchema":"1a1c01bbd47fc00a2c39e90264f33305004495a9","hash":"9e44b8d2404b58022e764072387998393bcd9121"}
,"/media/WINKING/opt2/casper/casper-escrow/www/libs/feature/seller/src/lib/seller/seller.component.ts": {"path":"/media/WINKING/opt2/casper/casper-escrow/www/libs/feature/seller/src/lib/seller/seller.component.ts","statementMap":{"0":{"start":{"line":1,"column":0},"end":{"line":1,"column":50}},"1":{"start":{"line":2,"column":0},"end":{"line":2,"column":47}},"2":{"start":{"line":13,"column":13},"end":{"line":13,"column":null}},"3":{"start":{"line":13,"column":13},"end":{"line":13,"column":28}}},"fnMap":{"0":{"name":"(anonymous_0)","decl":{"start":{"line":14,"column":2},"end":{"line":14,"column":18}},"loc":{"start":{"line":14,"column":2},"end":{"line":14,"column":19}}},"1":{"name":"(anonymous_1)","decl":{"start":{"line":16,"column":2},"end":{"line":16,"column":10}},"loc":{"start":{"line":16,"column":10},"end":{"line":16,"column":22}}}},"branchMap":{},"s":{"0":1,"1":1,"2":1,"3":1},"f":{"0":1,"1":1},"b":{}}
,"/media/WINKING/opt2/casper/casper-escrow/www/libs/ui/header/src/lib/header/header.component.html": {"path":"/media/WINKING/opt2/casper/casper-escrow/www/libs/ui/header/src/lib/header/header.component.html","statementMap":{"0":{"start":{"line":1,"column":0},"end":{"line":1,"column":499}}},"fnMap":{},"branchMap":{},"s":{"0":1},"f":{},"b":{},"_coverageSchema":"1a1c01bbd47fc00a2c39e90264f33305004495a9","hash":"3012c32b1d62a5c09aca229fadad59181d342cc9"}
,"/media/WINKING/opt2/casper/casper-escrow/www/libs/ui/header/src/lib/header/header.component.ts": {"path":"/media/WINKING/opt2/casper/casper-escrow/www/libs/ui/header/src/lib/header/header.component.ts","statementMap":{"0":{"start":{"line":1,"column":0},"end":{"line":1,"column":96}},"1":{"start":{"line":2,"column":0},"end":{"line":2,"column":47}},"2":{"start":{"line":3,"column":0},"end":{"line":3,"column":51}},"3":{"start":{"line":19,"column":12},"end":{"line":19,"column":null}},"4":{"start":{"line":13,"column":13},"end":{"line":13,"column":null}},"5":{"start":{"line":13,"column":13},"end":{"line":13,"column":28}}},"fnMap":{"0":{"name":"(anonymous_0)","decl":{"start":{"line":13,"column":7},"end":{"line":13,"column":13}},"loc":{"start":{"line":13,"column":7},"end":{"line":20,"column":1}}}},"branchMap":{},"s":{"0":1,"1":1,"2":1,"3":1,"4":1,"5":1},"f":{"0":1},"b":{}}
,"/media/WINKING/opt2/casper/casper-escrow/www/libs/util/hihlight-webworker/src/lib/highlight.service.ts": {"path":"/media/WINKING/opt2/casper/casper-escrow/www/libs/util/hihlight-webworker/src/lib/highlight.service.ts","statementMap":{"0":{"start":{"line":1,"column":0},"end":{"line":1,"column":51}},"1":{"start":{"line":3,"column":0},"end":{"line":3,"column":78}},"2":{"start":{"line":13,"column":68},"end":{"line":13,"column":124}},"3":{"start":{"line":16,"column":4},"end":{"line":16,"column":26}},"4":{"start":{"line":17,"column":23},"end":{"line":20,"column":9}},"5":{"start":{"line":19,"column":8},"end":{"line":19,"column":29}},"6":{"start":{"line":21,"column":4},"end":{"line":21,"column":27}},"7":{"start":{"line":22,"column":4},"end":{"line":22,"column":32}},"8":{"start":{"line":26,"column":4},"end":{"line":26,"column":null}},"9":{"start":{"line":26,"column":26},"end":{"line":26,"column":33}},"10":{"start":{"line":27,"column":20},"end":{"line":27,"column":52}},"11":{"start":{"line":28,"column":4},"end":{"line":28,"column":42}},"12":{"start":{"line":29,"column":4},"end":{"line":29,"column":59}},"13":{"start":{"line":33,"column":4},"end":{"line":33,"column":null}},"14":{"start":{"line":33,"column":27},"end":{"line":33,"column":34}},"15":{"start":{"line":34,"column":4},"end":{"line":34,"column":31}},"16":{"start":{"line":35,"column":4},"end":{"line":35,"column":28}},"17":{"start":{"line":8,"column":13},"end":{"line":8,"column":null}},"18":{"start":{"line":8,"column":13},"end":{"line":8,"column":29}}},"fnMap":{"0":{"name":"(anonymous_0)","decl":{"start":{"line":13,"column":2},"end":{"line":13,"column":15}},"loc":{"start":{"line":13,"column":124},"end":{"line":13,"column":129}}},"1":{"name":"(anonymous_1)","decl":{"start":{"line":15,"column":8},"end":{"line":15,"column":24}},"loc":{"start":{"line":15,"column":38},"end":{"line":23,"column":null}}},"2":{"name":"(anonymous_3)","decl":{"start":{"line":18,"column":13},"end":{"line":18,"column":14}},"loc":{"start":{"line":18,"column":23},"end":{"line":20,"column":7}}},"3":{"name":"(anonymous_4)","decl":{"start":{"line":25,"column":10},"end":{"line":25,"column":24}},"loc":{"start":{"line":25,"column":24},"end":{"line":30,"column":3}}},"4":{"name":"(anonymous_5)","decl":{"start":{"line":32,"column":10},"end":{"line":32,"column":25}},"loc":{"start":{"line":32,"column":25},"end":{"line":36,"column":3}}}},"branchMap":{"0":{"loc":{"start":{"line":17,"column":23},"end":{"line":20,"column":9}},"type":"binary-expr","locations":[{"start":{"line":17,"column":23},"end":{"line":17,"column":47}},{"start":{"line":17,"column":51},"end":{"line":20,"column":8}}]},"1":{"loc":{"start":{"line":26,"column":4},"end":{"line":26,"column":null}},"type":"if","locations":[{"start":{"line":26,"column":4},"end":{"line":26,"column":null}}]},"2":{"loc":{"start":{"line":33,"column":4},"end":{"line":33,"column":null}},"type":"if","locations":[{"start":{"line":33,"column":4},"end":{"line":33,"column":null}}]}},"s":{"0":1,"1":1,"2":3,"3":2,"4":2,"5":1,"6":2,"7":2,"8":2,"9":0,"10":2,"11":2,"12":2,"13":2,"14":0,"15":2,"16":2,"17":1,"18":1},"f":{"0":3,"1":2,"2":1,"3":2,"4":2},"b":{"0":[2,2],"1":[0],"2":[0]}}
,"/media/WINKING/opt2/casper/casper-escrow/www/libs/util/hihlight-webworker/src/lib/util-hihlight-webworker.token.ts": {"path":"/media/WINKING/opt2/casper/casper-escrow/www/libs/util/hihlight-webworker/src/lib/util-hihlight-webworker.token.ts","statementMap":{"0":{"start":{"line":1,"column":0},"end":{"line":1,"column":47}},"1":{"start":{"line":4,"column":13},"end":{"line":6,"column":2}}},"fnMap":{},"branchMap":{},"s":{"0":1,"1":1},"f":{},"b":{}}
,"/media/WINKING/opt2/casper/casper-escrow/www/libs/util/services/routeur-hub/src/lib/routeur-hub.service.ts": {"path":"/media/WINKING/opt2/casper/casper-escrow/www/libs/util/services/routeur-hub/src/lib/routeur-hub.service.ts","statementMap":{"0":{"start":{"line":1,"column":0},"end":{"line":1,"column":43}},"1":{"start":{"line":3,"column":0},"end":{"line":3,"column":48}},"2":{"start":{"line":10,"column":19},"end":{"line":10,"column":53}},"3":{"start":{"line":11,"column":19},"end":{"line":11,"column":58}},"4":{"start":{"line":12,"column":2},"end":{"line":12,"column":47}},"5":{"start":{"line":13,"column":2},"end":{"line":13,"column":57}},"6":{"start":{"line":14,"column":19},"end":{"line":14,"column":58}},"7":{"start":{"line":17,"column":4},"end":{"line":17,"column":30}},"8":{"start":{"line":21,"column":4},"end":{"line":21,"column":35}},"9":{"start":{"line":25,"column":4},"end":{"line":25,"column":27}},"10":{"start":{"line":29,"column":4},"end":{"line":29,"column":37}},"11":{"start":{"line":8,"column":13},"end":{"line":8,"column":null}},"12":{"start":{"line":8,"column":13},"end":{"line":8,"column":30}}},"fnMap":{"0":{"name":"(anonymous_0)","decl":{"start":{"line":8,"column":7},"end":{"line":8,"column":13}},"loc":{"start":{"line":8,"column":7},"end":{"line":32,"column":1}}},"1":{"name":"(anonymous_1)","decl":{"start":{"line":16,"column":2},"end":{"line":16,"column":9}},"loc":{"start":{"line":16,"column":9},"end":{"line":18,"column":3}}},"2":{"name":"(anonymous_2)","decl":{"start":{"line":20,"column":2},"end":{"line":20,"column":14}},"loc":{"start":{"line":20,"column":14},"end":{"line":22,"column":3}}},"3":{"name":"(anonymous_3)","decl":{"start":{"line":24,"column":2},"end":{"line":24,"column":10}},"loc":{"start":{"line":24,"column":23},"end":{"line":26,"column":3}}},"4":{"name":"(anonymous_4)","decl":{"start":{"line":28,"column":2},"end":{"line":28,"column":10}},"loc":{"start":{"line":28,"column":10},"end":{"line":30,"column":3}}}},"branchMap":{},"s":{"0":1,"1":1,"2":1,"3":1,"4":1,"5":1,"6":1,"7":0,"8":0,"9":0,"10":0,"11":1,"12":1},"f":{"0":1,"1":0,"2":0,"3":0,"4":0},"b":{}}
}
