TN:
SF:apps/api/src/app/app.controller.ts
FN:7,(anonymous_0)
FN:10,(anonymous_1)
FN:15,(anonymous_2)
FNF:3
FNH:3
FNDA:1,(anonymous_0)
FNDA:1,(anonymous_1)
FNDA:5,(anonymous_2)
DA:2,1
DA:3,1
DA:6,1
DA:7,1
DA:9,1
DA:11,1
DA:15,1
DA:19,5
DA:20,5
DA:22,1
LF:10
LH:10
BRF:0
BRH:0
end_of_record
TN:
SF:apps/api/src/app/app.service.ts
FN:13,(anonymous_0)
FN:18,(anonymous_1)
FN:22,(anonymous_2)
FN:23,(anonymous_4)
FN:30,(anonymous_5)
FN:38,(anonymous_7)
FN:42,(anonymous_9)
FN:47,(anonymous_11)
FN:55,(anonymous_13)
FN:60,(anonymous_15)
FN:72,(anonymous_17)
FN:76,(anonymous_19)
FN:91,(anonymous_21)
FN:95,(anonymous_23)
FN:99,(anonymous_25)
FN:103,(anonymous_27)
FN:112,(anonymous_29)
FNF:17
FNH:6
FNDA:1,(anonymous_0)
FNDA:1,(anonymous_1)
FNDA:1,(anonymous_2)
FNDA:1,(anonymous_4)
FNDA:4,(anonymous_5)
FNDA:5,(anonymous_7)
FNDA:0,(anonymous_9)
FNDA:0,(anonymous_11)
FNDA:0,(anonymous_13)
FNDA:0,(anonymous_15)
FNDA:0,(anonymous_17)
FNDA:0,(anonymous_19)
FNDA:0,(anonymous_21)
FNDA:0,(anonymous_23)
FNDA:0,(anonymous_25)
FNDA:0,(anonymous_27)
FNDA:0,(anonymous_29)
DA:1,3
DA:3,3
DA:4,3
DA:7,3
DA:8,3
DA:11,3
DA:14,1
DA:15,1
DA:19,1
DA:23,1
DA:24,1
DA:25,1
DA:26,1
DA:31,4
DA:32,4
DA:33,2
DA:35,2
DA:39,5
DA:43,0
DA:44,0
DA:48,0
DA:49,0
DA:50,0
DA:52,0
DA:56,0
DA:57,0
DA:61,0
DA:62,0
DA:64,0
DA:65,0
DA:66,0
DA:67,0
DA:69,0
DA:73,0
DA:77,0
DA:78,0
DA:79,0
DA:82,0
DA:83,0
DA:85,0
DA:87,0
DA:92,0
DA:96,0
DA:100,0
DA:104,0
DA:105,0
DA:106,0
DA:107,0
DA:109,0
DA:113,0
DA:114,0
DA:115,0
DA:116,0
DA:117,0
LF:54
LH:18
BRDA:23,0,0,0
BRDA:23,0,1,1
BRDA:23,1,0,1
BRDA:23,1,1,1
BRDA:30,2,0,2
BRDA:32,3,0,2
BRDA:39,4,0,5
BRDA:39,4,1,3
BRDA:47,5,0,0
BRDA:49,6,0,0
BRDA:55,7,0,0
BRDA:60,8,0,0
BRDA:61,9,0,0
BRDA:65,10,0,0
BRDA:76,11,0,0
BRDA:77,12,0,0
BRDA:77,13,0,0
BRDA:77,13,1,0
BRDA:82,14,0,0
BRDA:95,15,0,0
BRDA:99,16,0,0
BRDA:103,17,0,0
BRDA:105,18,0,0
BRDA:113,19,0,0
BRF:24
BRH:7
end_of_record
TN:
SF:apps/api/src/app/controller/deployer/deployer.controller.ts
FN:10,(anonymous_0)
FN:13,(anonymous_1)
FN:23,(anonymous_3)
FN:32,(anonymous_5)
FN:41,(anonymous_7)
FN:56,(anonymous_9)
FN:71,(anonymous_11)
FN:85,(anonymous_13)
FN:98,(anonymous_15)
FN:110,(anonymous_17)
FN:128,(anonymous_19)
FNF:11
FNH:2
FNDA:3,(anonymous_0)
FNDA:0,(anonymous_1)
FNDA:4,(anonymous_3)
FNDA:0,(anonymous_5)
FNDA:0,(anonymous_7)
FNDA:0,(anonymous_9)
FNDA:0,(anonymous_11)
FNDA:0,(anonymous_13)
FNDA:0,(anonymous_15)
FNDA:0,(anonymous_17)
FNDA:0,(anonymous_19)
DA:1,1
DA:2,1
DA:3,1
DA:5,1
DA:8,1
DA:10,3
DA:13,1
DA:14,0
DA:15,0
DA:16,0
DA:18,0
DA:23,1
DA:24,4
DA:25,4
DA:27,0
DA:32,1
DA:33,0
DA:34,0
DA:36,0
DA:41,1
DA:47,0
DA:48,0
DA:49,0
DA:51,0
DA:56,1
DA:63,0
DA:64,0
DA:66,0
DA:71,1
DA:76,0
DA:77,0
DA:78,0
DA:80,0
DA:85,1
DA:89,0
DA:90,0
DA:91,0
DA:93,0
DA:98,1
DA:102,0
DA:103,0
DA:105,0
DA:110,1
DA:115,0
DA:116,0
DA:117,0
DA:118,0
DA:119,0
DA:121,0
DA:123,0
DA:128,1
DA:137,0
DA:138,0
DA:139,0
DA:141,0
DA:143,0
LF:56
LH:18
BRDA:64,0,0,0
BRDA:64,0,1,0
BRDA:117,1,0,0
BRDA:138,2,0,0
BRF:4
BRH:0
end_of_record
TN:
SF:apps/api/src/client/client.service.ts
FN:11,(anonymous_0)
FN:15,(anonymous_1)
FNF:2
FNH:2
FNDA:5,(anonymous_0)
FNDA:12,(anonymous_1)
DA:1,4
DA:2,4
DA:3,4
DA:7,4
DA:12,5
DA:16,12
DA:17,1
DA:19,11
DA:20,11
DA:21,8
DA:23,3
DA:24,3
DA:25,3
LF:13
LH:13
BRDA:16,0,0,1
BRDA:16,1,0,12
BRDA:16,1,1,10
BRDA:20,2,0,8
BRDA:20,3,0,11
BRDA:20,3,1,5
BRF:6
BRH:6
end_of_record
TN:
SF:apps/api/src/environments/environment.ts
FNF:0
FNH:0
DA:1,6
DA:3,6
DA:18,6
LF:3
LH:3
BRF:0
BRH:0
end_of_record
TN:
SF:apps/api/src/service/service.service.ts
FN:11,(anonymous_0)
FN:15,(anonymous_1)
FNF:2
FNH:2
FNDA:4,(anonymous_0)
FNDA:12,(anonymous_1)
DA:1,4
DA:2,4
DA:3,4
DA:6,4
DA:12,4
DA:16,12
DA:17,1
DA:19,11
DA:20,11
DA:21,8
DA:23,3
DA:24,3
DA:25,3
LF:13
LH:13
BRDA:16,0,0,1
BRDA:16,1,0,12
BRDA:16,1,1,10
BRDA:20,2,0,8
BRDA:20,3,0,11
BRDA:20,3,1,5
BRF:6
BRH:6
end_of_record
TN:
SF:apps/api/src/util/url/url.service.ts
FN:6,(anonymous_0)
FN:16,(anonymous_1)
FNF:2
FNH:2
FNDA:4,(anonymous_0)
FNDA:4,(anonymous_1)
DA:1,6
DA:2,6
DA:5,6
DA:8,4
DA:9,4
DA:11,2
DA:13,2
DA:17,4
DA:19,4
DA:20,4
DA:22,1
DA:24,3
LF:12
LH:12
BRDA:13,0,0,2
BRDA:13,0,1,1
BRDA:17,1,0,3
BRDA:17,1,1,1
BRF:4
BRH:4
end_of_record
TN:
SF:apps/frontend/src/app/app.component.html
FNF:0
FNH:0
DA:1,1
LF:1
LH:1
BRF:0
BRH:0
end_of_record
TN:
SF:apps/frontend/src/app/app.component.ts
FN:55,(anonymous_0)
FN:64,(anonymous_1)
FN:68,(anonymous_3)
FN:68,(anonymous_4)
FN:69,(anonymous_5)
FN:69,(anonymous_6)
FN:73,(anonymous_7)
FN:74,(anonymous_8)
FN:79,(anonymous_9)
FN:86,(anonymous_11)
FN:90,(anonymous_12)
FN:91,(anonymous_13)
FN:91,(anonymous_14)
FN:94,(anonymous_15)
FN:94,(anonymous_16)
FN:99,(anonymous_17)
FN:100,(anonymous_18)
FN:107,(anonymous_19)
FN:113,(anonymous_21)
FN:117,(anonymous_23)
FN:119,(anonymous_24)
FN:120,(anonymous_25)
FN:128,(anonymous_26)
FN:129,(anonymous_27)
FN:133,(anonymous_28)
FN:147,(anonymous_29)
FN:150,(anonymous_30)
FN:154,(anonymous_31)
FN:162,(anonymous_32)
FNF:29
FNH:2
FNDA:1,(anonymous_0)
FNDA:0,(anonymous_1)
FNDA:0,(anonymous_3)
FNDA:0,(anonymous_4)
FNDA:0,(anonymous_5)
FNDA:0,(anonymous_6)
FNDA:1,(anonymous_7)
FNDA:0,(anonymous_8)
FNDA:0,(anonymous_9)
FNDA:0,(anonymous_11)
FNDA:0,(anonymous_12)
FNDA:0,(anonymous_13)
FNDA:0,(anonymous_14)
FNDA:0,(anonymous_15)
FNDA:0,(anonymous_16)
FNDA:0,(anonymous_17)
FNDA:0,(anonymous_18)
FNDA:0,(anonymous_19)
FNDA:0,(anonymous_21)
FNDA:0,(anonymous_23)
FNDA:0,(anonymous_24)
FNDA:0,(anonymous_25)
FNDA:0,(anonymous_26)
FNDA:0,(anonymous_27)
FNDA:0,(anonymous_28)
FNDA:0,(anonymous_29)
FNDA:0,(anonymous_30)
FNDA:0,(anonymous_31)
FNDA:0,(anonymous_32)
DA:1,1
DA:3,1
DA:4,1
DA:6,1
DA:7,1
DA:8,1
DA:9,1
DA:10,1
DA:12,1
DA:13,1
DA:21,1
DA:39,1
DA:40,1
DA:47,1
DA:51,1
DA:56,1
DA:57,1
DA:58,1
DA:59,1
DA:60,1
DA:65,0
DA:66,0
DA:67,0
DA:68,0
DA:69,0
DA:70,0
DA:74,1
DA:75,0
DA:80,0
DA:81,0
DA:82,0
DA:83,0
DA:87,0
DA:91,0
DA:92,0
DA:94,0
DA:95,0
DA:100,0
DA:101,0
DA:102,0
DA:103,0
DA:108,0
DA:109,0
DA:110,0
DA:114,0
DA:115,0
DA:116,0
DA:117,0
DA:118,0
DA:119,0
DA:120,0
DA:122,0
DA:123,0
DA:124,0
DA:125,0
DA:129,0
DA:130,0
DA:134,0
DA:140,0
DA:143,0
DA:144,0
DA:148,0
DA:151,0
DA:155,0
DA:156,0
DA:157,0
DA:163,0
DA:164,0
DA:166,0
LF:69
LH:21
BRDA:68,0,0,0
BRDA:68,0,1,0
BRDA:68,1,0,0
BRDA:68,1,1,0
BRDA:69,2,0,0
BRDA:69,2,1,0
BRDA:69,3,0,0
BRDA:69,3,1,0
BRDA:75,4,0,0
BRDA:75,4,1,0
BRDA:81,5,0,0
BRDA:81,5,1,0
BRDA:81,6,0,0
BRDA:81,6,1,0
BRDA:81,7,0,0
BRDA:81,7,1,0
BRDA:81,8,0,0
BRDA:81,8,1,0
BRDA:114,9,0,0
BRDA:114,9,1,0
BRDA:114,10,0,0
BRDA:114,10,1,0
BRDA:114,11,0,0
BRDA:114,11,1,0
BRDA:114,12,0,0
BRDA:114,12,1,0
BRDA:115,13,0,0
BRDA:115,13,1,0
BRDA:115,14,0,0
BRDA:115,14,1,0
BRDA:115,15,0,0
BRDA:115,15,1,0
BRDA:115,16,0,0
BRDA:115,16,1,0
BRDA:118,17,0,0
BRDA:118,17,1,0
BRDA:118,18,0,0
BRDA:118,18,1,0
BRDA:122,19,0,0
BRDA:122,19,1,0
BRDA:125,20,0,0
BRDA:125,20,1,0
BRDA:129,21,0,0
BRDA:129,21,1,0
BRDA:129,22,0,0
BRDA:129,22,1,0
BRDA:134,23,0,0
BRDA:135,24,0,0
BRDA:135,24,1,0
BRDA:135,24,2,0
BRDA:148,25,0,0
BRDA:148,25,1,0
BRDA:163,26,0,0
BRDA:163,27,0,0
BRDA:163,27,1,0
BRDA:163,28,0,0
BRDA:163,28,1,0
BRDA:166,29,0,0
BRDA:166,29,1,0
BRDA:166,30,0,0
BRDA:166,30,1,0
BRDA:56,31,0,1
BRDA:56,31,1,0
BRDA:56,32,0,1
BRDA:56,32,1,1
BRDA:56,33,0,0
BRDA:56,33,1,1
BRDA:56,34,0,1
BRDA:56,34,1,0
BRDA:57,35,0,1
BRDA:57,35,1,0
BRDA:57,36,0,1
BRDA:57,36,1,1
BRDA:58,37,0,1
BRDA:58,37,1,0
BRDA:58,38,0,1
BRDA:58,38,1,1
BRDA:59,39,0,1
BRDA:59,39,1,0
BRDA:59,40,0,1
BRDA:59,40,1,1
BRF:81
BRH:14
end_of_record
TN:
SF:libs/data-access/deployer/src/lib/deployer.service.ts
FN:16,(anonymous_0)
FN:21,(anonymous_1)
FN:25,(anonymous_2)
FN:29,(anonymous_3)
FN:35,(anonymous_4)
FN:46,(anonymous_5)
FN:53,(anonymous_6)
FN:58,(anonymous_7)
FN:67,(anonymous_8)
FN:79,(anonymous_9)
FN:88,(anonymous_10)
FN:96,(anonymous_11)
FN:105,(anonymous_12)
FN:110,(anonymous_13)
FN:118,(anonymous_14)
FN:123,(anonymous_15)
FN:127,(anonymous_16)
FN:134,(anonymous_17)
FN:142,(anonymous_18)
FN:155,(anonymous_19)
FN:163,(anonymous_20)
FN:170,(anonymous_21)
FN:175,(anonymous_22)
FN:183,(anonymous_23)
FN:188,(anonymous_24)
FNF:25
FNH:1
FNDA:1,(anonymous_0)
FNDA:0,(anonymous_1)
FNDA:0,(anonymous_2)
FNDA:0,(anonymous_3)
FNDA:0,(anonymous_4)
FNDA:0,(anonymous_5)
FNDA:0,(anonymous_6)
FNDA:0,(anonymous_7)
FNDA:0,(anonymous_8)
FNDA:0,(anonymous_9)
FNDA:0,(anonymous_10)
FNDA:0,(anonymous_11)
FNDA:0,(anonymous_12)
FNDA:0,(anonymous_13)
FNDA:0,(anonymous_14)
FNDA:0,(anonymous_15)
FNDA:0,(anonymous_16)
FNDA:0,(anonymous_17)
FNDA:0,(anonymous_18)
FNDA:0,(anonymous_19)
FNDA:0,(anonymous_20)
FNDA:0,(anonymous_21)
FNDA:0,(anonymous_22)
FNDA:0,(anonymous_23)
FNDA:0,(anonymous_24)
DA:1,1
DA:2,1
DA:3,1
DA:4,1
DA:5,1
DA:7,1
DA:12,1
DA:14,1
DA:17,1
DA:18,1
DA:22,0
DA:26,0
DA:30,0
DA:31,0
DA:32,0
DA:36,0
DA:37,0
DA:41,0
DA:47,0
DA:48,0
DA:50,0
DA:53,0
DA:59,0
DA:60,0
DA:61,0
DA:64,0
DA:68,0
DA:69,0
DA:73,0
DA:80,0
DA:81,0
DA:82,0
DA:83,0
DA:85,0
DA:89,0
DA:90,0
DA:97,0
DA:98,0
DA:99,0
DA:100,0
DA:102,0
DA:105,0
DA:111,0
DA:112,0
DA:113,0
DA:115,0
DA:118,0
DA:124,0
DA:125,0
DA:126,0
DA:127,0
DA:128,0
DA:129,0
DA:131,0
DA:135,0
DA:136,0
DA:143,0
DA:144,0
DA:145,0
DA:146,0
DA:147,0
DA:148,0
DA:149,0
DA:150,0
DA:152,0
DA:156,0
DA:157,0
DA:164,0
DA:165,0
DA:166,0
DA:167,0
DA:170,0
DA:176,0
DA:177,0
DA:178,0
DA:179,0
DA:180,0
DA:183,0
DA:189,0
DA:190,0
DA:191,0
DA:193,0
LF:82
LH:10
BRDA:83,0,0,0
BRDA:83,0,1,0
BRDA:98,1,0,0
BRDA:98,1,1,0
BRDA:112,2,0,0
BRDA:112,2,1,0
BRDA:127,3,0,0
BRDA:127,3,1,0
BRDA:127,4,0,0
BRDA:127,4,1,0
BRDA:127,5,0,0
BRDA:127,5,1,0
BRDA:128,6,0,0
BRDA:128,6,1,0
BRDA:129,7,0,0
BRDA:129,7,1,0
BRDA:150,8,0,0
BRDA:150,8,1,0
BRDA:165,9,0,0
BRDA:165,9,1,0
BRDA:177,10,0,0
BRDA:177,10,1,0
BRDA:178,11,0,0
BRDA:178,11,1,0
BRDA:189,12,0,0
BRDA:17,13,0,0
BRDA:17,13,1,1
BRDA:17,14,0,1
BRDA:17,14,1,0
BRDA:17,15,0,1
BRDA:17,15,1,0
BRDA:17,16,0,1
BRDA:17,16,1,1
BRF:33
BRH:5
end_of_record
TN:
SF:libs/data-access/users/src/lib/users.service.ts
FN:12,(anonymous_0)
FN:17,(anonymous_1)
FN:21,(anonymous_2)
FN:27,(anonymous_3)
FNF:4
FNH:1
FNDA:1,(anonymous_0)
FNDA:0,(anonymous_1)
FNDA:0,(anonymous_2)
FNDA:0,(anonymous_3)
DA:1,1
DA:2,1
DA:3,1
DA:4,1
DA:5,1
DA:10,1
DA:13,1
DA:14,1
DA:18,0
DA:22,0
DA:23,0
DA:24,0
DA:28,0
DA:29,0
LF:14
LH:8
BRDA:28,0,0,0
BRDA:28,0,1,0
BRDA:13,1,0,0
BRDA:13,1,1,1
BRDA:13,2,0,1
BRDA:13,2,1,0
BRDA:13,3,0,1
BRDA:13,3,1,0
BRDA:13,4,0,1
BRDA:13,4,1,1
BRF:10
BRH:5
end_of_record
TN:
SF:libs/feature/buyer/src/lib/buyer/buyer.component.html
FNF:0
FNH:0
DA:1,1
LF:1
LH:1
BRF:0
BRH:0
end_of_record
TN:
SF:libs/feature/buyer/src/lib/buyer/buyer.component.ts
FN:14,(anonymous_0)
FNF:1
FNH:0
FNDA:0,(anonymous_0)
DA:1,1
DA:2,1
DA:12,1
LF:3
LH:3
BRF:0
BRH:0
end_of_record
TN:
SF:libs/feature/deployer/src/lib/balance/balance.component.html
FNF:0
FNH:0
DA:1,2
LF:1
LH:1
BRF:0
BRH:0
end_of_record
TN:
SF:libs/feature/deployer/src/lib/balance/balance.component.ts
FN:29,(anonymous_0)
FN:36,(anonymous_1)
FN:37,(anonymous_2)
FN:47,(anonymous_3)
FN:52,(anonymous_4)
FN:58,(anonymous_5)
FN:64,(anonymous_6)
FN:69,(anonymous_7)
FNF:8
FNH:4
FNDA:2,(anonymous_0)
FNDA:2,(anonymous_1)
FNDA:0,(anonymous_2)
FNDA:2,(anonymous_3)
FNDA:0,(anonymous_4)
FNDA:0,(anonymous_5)
FNDA:2,(anonymous_6)
FNDA:0,(anonymous_7)
DA:1,2
DA:2,2
DA:4,2
DA:6,2
DA:7,2
DA:17,2
DA:20,2
DA:23,2
DA:30,2
DA:31,2
DA:32,2
DA:33,2
DA:37,2
DA:38,0
DA:39,0
DA:40,0
DA:41,0
DA:43,0
DA:48,2
DA:49,2
DA:53,0
DA:54,0
DA:59,0
DA:60,0
DA:65,2
DA:70,0
LF:26
LH:16
BRDA:38,0,0,0
BRDA:38,0,1,0
BRDA:39,1,0,0
BRDA:39,1,1,0
BRDA:40,2,0,0
BRDA:48,3,0,2
BRDA:48,3,1,2
BRDA:49,4,0,2
BRDA:49,4,1,0
BRDA:54,5,0,0
BRDA:54,5,1,0
BRDA:54,5,2,0
BRDA:59,6,0,0
BRDA:59,6,1,0
BRDA:65,7,0,2
BRDA:65,7,1,0
BRDA:66,8,0,0
BRDA:66,8,1,0
BRDA:66,9,0,0
BRDA:66,9,1,0
BRDA:30,10,0,2
BRDA:30,10,1,0
BRDA:30,11,0,2
BRDA:30,11,1,2
BRDA:30,12,0,2
BRDA:30,12,1,0
BRDA:30,13,0,2
BRDA:30,13,1,2
BRDA:31,14,0,2
BRDA:31,14,1,0
BRDA:31,15,0,2
BRDA:31,15,1,2
BRDA:32,16,0,0
BRDA:32,16,1,2
BRDA:32,17,0,2
BRDA:32,17,1,0
BRF:36
BRH:15
end_of_record
TN:
SF:libs/feature/deployer/src/lib/deployer/deployer.component.html
FNF:0
FNH:0
DA:1,1
LF:1
LH:1
BRF:0
BRH:0
end_of_record
TN:
SF:libs/feature/deployer/src/lib/deployer/deployer.component.ts
FN:43,(anonymous_0)
FN:48,(anonymous_1)
FN:52,(anonymous_2)
FN:56,(anonymous_3)
FN:57,(anonymous_4)
FN:66,(anonymous_5)
FN:70,(anonymous_6)
FNF:7
FNH:5
FNDA:1,(anonymous_0)
FNDA:1,(anonymous_1)
FNDA:1,(anonymous_2)
FNDA:1,(anonymous_3)
FNDA:1,(anonymous_4)
FNDA:0,(anonymous_5)
FNDA:0,(anonymous_6)
DA:1,1
DA:2,1
DA:3,1
DA:4,1
DA:5,1
DA:6,1
DA:7,1
DA:8,1
DA:9,1
DA:10,1
DA:11,1
DA:12,1
DA:13,1
DA:14,1
DA:15,1
DA:40,1
DA:44,1
DA:45,1
DA:49,1
DA:53,1
DA:57,1
DA:58,1
DA:59,0
DA:67,0
DA:71,0
LF:25
LH:22
BRDA:53,0,0,1
BRDA:53,0,1,1
BRDA:58,1,0,0
BRDA:44,2,0,1
BRDA:44,2,1,0
BRDA:44,3,0,1
BRDA:44,3,1,1
BRDA:44,4,0,1
BRDA:44,4,1,0
BRDA:44,5,0,1
BRDA:44,5,1,1
BRF:11
BRH:8
end_of_record
TN:
SF:libs/feature/deployer/src/lib/dictionary/dictionary.component.html
FNF:0
FNH:0
DA:1,2
LF:1
LH:1
BRF:0
BRH:0
end_of_record
TN:
SF:libs/feature/deployer/src/lib/dictionary/dictionary.component.ts
FN:29,(anonymous_0)
FN:34,(anonymous_1)
FN:35,(anonymous_2)
FN:41,(anonymous_3)
FN:46,(anonymous_4)
FN:47,(anonymous_5)
FN:53,(anonymous_6)
FN:57,(anonymous_7)
FN:61,(anonymous_8)
FN:65,(anonymous_9)
FN:69,(anonymous_10)
FN:75,(anonymous_11)
FN:79,(anonymous_12)
FNF:13
FNH:10
FNDA:2,(anonymous_0)
FNDA:2,(anonymous_1)
FNDA:0,(anonymous_2)
FNDA:2,(anonymous_3)
FNDA:0,(anonymous_4)
FNDA:0,(anonymous_5)
FNDA:2,(anonymous_6)
FNDA:4,(anonymous_7)
FNDA:2,(anonymous_8)
FNDA:6,(anonymous_9)
FNDA:2,(anonymous_10)
FNDA:2,(anonymous_11)
FNDA:4,(anonymous_12)
DA:1,2
DA:2,2
DA:4,2
DA:5,2
DA:17,2
DA:30,2
DA:31,2
DA:35,2
DA:36,0
DA:37,0
DA:42,2
DA:43,2
DA:47,0
DA:48,0
DA:49,0
DA:54,2
DA:58,4
DA:62,2
DA:66,6
DA:70,2
DA:71,2
DA:72,2
DA:76,2
DA:80,4
LF:24
LH:19
BRDA:36,0,0,0
BRDA:36,0,1,0
BRDA:37,1,0,0
BRDA:37,1,1,0
BRDA:42,2,0,2
BRDA:42,2,1,2
BRDA:43,3,0,2
BRDA:43,3,1,0
BRDA:47,4,0,0
BRDA:47,4,1,0
BRDA:48,5,0,0
BRDA:48,5,1,0
BRDA:54,6,0,2
BRDA:54,6,1,0
BRDA:54,7,0,2
BRDA:54,7,1,2
BRDA:54,8,0,2
BRDA:54,8,1,0
BRDA:54,9,0,2
BRDA:54,9,1,2
BRDA:58,10,0,4
BRDA:58,10,1,0
BRDA:58,11,0,4
BRDA:58,11,1,4
BRDA:62,12,0,2
BRDA:62,12,1,0
BRDA:62,13,0,2
BRDA:62,13,1,2
BRDA:66,14,0,6
BRDA:66,14,1,0
BRDA:66,15,0,6
BRDA:66,15,1,6
BRDA:71,16,0,2
BRDA:71,16,1,2
BRDA:71,16,2,0
BRDA:72,17,0,2
BRDA:72,17,1,0
BRDA:76,18,0,2
BRDA:76,18,1,2
BRDA:30,19,0,2
BRDA:30,19,1,0
BRDA:30,20,0,2
BRDA:30,20,1,2
BRDA:30,21,0,2
BRDA:30,21,1,0
BRDA:30,22,0,2
BRDA:30,22,1,2
BRF:47
BRH:29
end_of_record
TN:
SF:libs/feature/deployer/src/lib/get-deploy/get-deploy.component.html
FNF:0
FNH:0
DA:1,2
LF:1
LH:1
BRF:0
BRH:0
end_of_record
TN:
SF:libs/feature/deployer/src/lib/get-deploy/get-deploy.component.ts
FN:26,(anonymous_0)
FN:32,(anonymous_1)
FN:37,(anonymous_2)
FN:38,(anonymous_3)
FN:50,(anonymous_4)
FN:52,(anonymous_5)
FN:52,(anonymous_6)
FN:59,(anonymous_7)
FN:63,(anonymous_8)
FNF:9
FNH:4
FNDA:2,(anonymous_0)
FNDA:2,(anonymous_1)
FNDA:2,(anonymous_2)
FNDA:0,(anonymous_3)
FNDA:0,(anonymous_4)
FNDA:0,(anonymous_5)
FNDA:0,(anonymous_6)
FNDA:0,(anonymous_7)
FNDA:2,(anonymous_8)
DA:1,2
DA:2,2
DA:5,2
DA:7,2
DA:17,2
DA:18,2
DA:27,2
DA:28,2
DA:29,2
DA:33,2
DA:34,2
DA:38,2
DA:39,0
DA:40,0
DA:42,0
DA:43,0
DA:44,0
DA:46,0
DA:51,0
DA:52,0
DA:53,0
DA:54,0
DA:55,0
DA:60,0
DA:64,2
LF:25
LH:13
BRDA:33,0,0,2
BRDA:33,0,1,2
BRDA:34,1,0,2
BRDA:34,1,1,0
BRDA:39,2,0,0
BRDA:42,3,0,0
BRDA:52,4,0,0
BRDA:52,4,1,0
BRDA:53,5,0,0
BRDA:53,5,1,0
BRDA:64,6,0,2
BRDA:64,6,1,0
BRDA:64,7,0,2
BRDA:64,7,1,2
BRDA:27,8,0,2
BRDA:27,8,1,0
BRDA:27,9,0,2
BRDA:27,9,1,2
BRDA:27,10,0,2
BRDA:27,10,1,0
BRDA:27,11,0,2
BRDA:27,11,1,2
BRDA:28,12,0,2
BRDA:28,12,1,0
BRDA:28,13,0,2
BRDA:28,13,1,2
BRF:26
BRH:15
end_of_record
TN:
SF:libs/feature/deployer/src/lib/public-key/public-key.component.html
FNF:0
FNH:0
DA:1,2
LF:1
LH:1
BRF:0
BRH:0
end_of_record
TN:
SF:libs/feature/deployer/src/lib/public-key/public-key.component.ts
FN:30,(anonymous_0)
FN:37,(anonymous_1)
FN:41,(anonymous_2)
FN:47,(anonymous_3)
FN:48,(anonymous_4)
FN:60,(anonymous_5)
FN:70,(anonymous_6)
FN:76,(anonymous_7)
FN:78,(anonymous_8)
FN:85,(anonymous_9)
FN:89,(anonymous_10)
FN:93,(anonymous_11)
FN:98,(anonymous_12)
FN:103,(anonymous_13)
FNF:14
FNH:6
FNDA:2,(anonymous_0)
FNDA:2,(anonymous_1)
FNDA:2,(anonymous_2)
FNDA:2,(anonymous_3)
FNDA:0,(anonymous_4)
FNDA:0,(anonymous_5)
FNDA:0,(anonymous_6)
FNDA:0,(anonymous_7)
FNDA:0,(anonymous_8)
FNDA:2,(anonymous_9)
FNDA:0,(anonymous_10)
FNDA:0,(anonymous_11)
FNDA:0,(anonymous_12)
FNDA:2,(anonymous_13)
DA:1,2
DA:2,2
DA:4,2
DA:6,2
DA:7,2
DA:17,2
DA:18,2
DA:19,2
DA:31,2
DA:32,2
DA:33,2
DA:34,2
DA:38,2
DA:42,2
DA:43,2
DA:44,2
DA:48,2
DA:49,0
DA:50,0
DA:51,0
DA:56,0
DA:61,0
DA:62,0
DA:64,0
DA:65,0
DA:66,0
DA:71,0
DA:72,0
DA:77,0
DA:78,0
DA:79,0
DA:80,0
DA:81,0
DA:86,2
DA:90,0
DA:94,0
DA:95,0
DA:99,0
DA:100,0
DA:104,2
LF:40
LH:19
BRDA:42,0,0,2
BRDA:42,0,1,2
BRDA:43,1,0,2
BRDA:43,1,1,0
BRDA:44,2,0,2
BRDA:44,2,1,0
BRDA:49,3,0,0
BRDA:49,3,1,0
BRDA:50,4,0,0
BRDA:50,4,1,0
BRDA:51,5,0,0
BRDA:51,5,1,0
BRDA:51,6,0,0
BRDA:51,6,1,0
BRDA:51,7,0,0
BRDA:51,7,1,0
BRDA:61,8,0,0
BRDA:64,9,0,0
BRDA:64,9,1,0
BRDA:64,10,0,0
BRDA:64,10,1,0
BRDA:65,11,0,0
BRDA:65,11,1,0
BRDA:65,12,0,0
BRDA:65,12,1,0
BRDA:66,13,0,0
BRDA:66,13,1,0
BRDA:66,13,2,0
BRDA:71,14,0,0
BRDA:71,14,1,0
BRDA:77,15,0,0
BRDA:77,15,1,0
BRDA:77,16,0,0
BRDA:77,16,1,0
BRDA:78,17,0,0
BRDA:78,17,1,0
BRDA:79,18,0,0
BRDA:79,18,1,0
BRDA:95,19,0,0
BRDA:95,19,1,0
BRDA:104,20,0,2
BRDA:104,20,1,0
BRDA:104,21,0,2
BRDA:104,21,1,0
BRDA:104,22,0,2
BRDA:104,22,1,2
BRDA:105,23,0,0
BRDA:105,23,1,0
BRDA:105,24,0,0
BRDA:105,24,1,0
BRDA:31,25,0,2
BRDA:31,25,1,0
BRDA:31,26,0,2
BRDA:31,26,1,2
BRDA:31,27,0,2
BRDA:31,27,1,0
BRDA:31,28,0,2
BRDA:31,28,1,2
BRDA:32,29,0,2
BRDA:32,29,1,0
BRDA:32,30,0,2
BRDA:32,30,1,2
BRDA:33,31,0,0
BRDA:33,31,1,2
BRDA:33,32,0,2
BRDA:33,32,1,0
BRF:66
BRH:19
end_of_record
TN:
SF:libs/feature/deployer/src/lib/put-deploy/put-deploy.component.html
FNF:0
FNH:0
DA:1,2
LF:1
LH:1
BRF:0
BRH:0
end_of_record
TN:
SF:libs/feature/deployer/src/lib/put-deploy/put-deploy.component.ts
FN:54,(anonymous_0)
FN:62,(anonymous_1)
FN:63,(anonymous_2)
FN:74,(anonymous_3)
FN:78,(anonymous_4)
FN:83,(anonymous_5)
FN:110,(anonymous_6)
FN:137,(anonymous_7)
FN:160,(anonymous_9)
FN:167,(anonymous_10)
FN:171,(anonymous_12)
FN:176,(anonymous_13)
FN:180,(anonymous_14)
FN:187,(anonymous_15)
FN:191,(anonymous_16)
FN:195,(anonymous_17)
FN:199,(anonymous_18)
FN:203,(anonymous_19)
FN:207,(anonymous_20)
FN:211,(anonymous_21)
FN:215,(anonymous_22)
FN:224,(anonymous_24)
FNF:22
FNH:10
FNDA:2,(anonymous_0)
FNDA:2,(anonymous_1)
FNDA:0,(anonymous_2)
FNDA:2,(anonymous_3)
FNDA:0,(anonymous_4)
FNDA:0,(anonymous_5)
FNDA:0,(anonymous_6)
FNDA:0,(anonymous_7)
FNDA:0,(anonymous_9)
FNDA:0,(anonymous_10)
FNDA:0,(anonymous_12)
FNDA:0,(anonymous_13)
FNDA:0,(anonymous_14)
FNDA:0,(anonymous_15)
FNDA:4,(anonymous_16)
FNDA:2,(anonymous_17)
FNDA:2,(anonymous_18)
FNDA:6,(anonymous_19)
FNDA:4,(anonymous_20)
FNDA:2,(anonymous_21)
FNDA:0,(anonymous_22)
FNDA:4,(anonymous_24)
DA:1,2
DA:2,2
DA:4,2
DA:6,2
DA:8,2
DA:10,2
DA:20,2
DA:21,2
DA:34,2
DA:35,2
DA:39,2
DA:40,2
DA:55,2
DA:56,2
DA:57,2
DA:58,2
DA:59,2
DA:63,2
DA:64,0
DA:65,0
DA:66,0
DA:67,0
DA:69,0
DA:70,0
DA:75,2
DA:79,0
DA:84,0
DA:85,0
DA:86,0
DA:87,0
DA:89,0
DA:90,0
DA:91,0
DA:92,0
DA:93,0
DA:94,0
DA:95,0
DA:96,0
DA:97,0
DA:98,0
DA:99,0
DA:100,0
DA:107,0
DA:108,0
DA:109,0
DA:110,0
DA:111,0
DA:112,0
DA:113,0
DA:115,0
DA:117,0
DA:118,0
DA:119,0
DA:120,0
DA:122,0
DA:123,0
DA:125,0
DA:126,0
DA:127,0
DA:129,0
DA:130,0
DA:131,0
DA:132,0
DA:133,0
DA:138,0
DA:139,0
DA:140,0
DA:141,0
DA:143,0
DA:144,0
DA:148,0
DA:149,0
DA:150,0
DA:151,0
DA:153,0
DA:154,0
DA:155,0
DA:157,0
DA:158,0
DA:160,0
DA:161,0
DA:162,0
DA:163,0
DA:168,0
DA:169,0
DA:170,0
DA:171,0
DA:172,0
DA:177,0
DA:181,0
DA:182,0
DA:183,0
DA:184,0
DA:188,0
DA:192,4
DA:196,2
DA:200,2
DA:204,6
DA:208,4
DA:212,2
DA:216,0
DA:217,0
DA:218,0
DA:219,0
DA:220,0
DA:221,0
DA:225,4
DA:229,4
DA:232,4
LF:109
LH:28
BRDA:64,0,0,0
BRDA:64,1,0,0
BRDA:64,1,1,0
BRDA:64,2,0,0
BRDA:64,2,1,0
BRDA:69,3,0,0
BRDA:69,3,1,0
BRDA:75,4,0,2
BRDA:75,4,1,2
BRDA:84,5,0,0
BRDA:84,5,1,0
BRDA:84,6,0,0
BRDA:84,6,1,0
BRDA:85,7,0,0
BRDA:90,8,0,0
BRDA:90,8,1,0
BRDA:90,9,0,0
BRDA:90,9,1,0
BRDA:91,10,0,0
BRDA:91,10,1,0
BRDA:91,11,0,0
BRDA:91,11,1,0
BRDA:92,12,0,0
BRDA:92,12,1,0
BRDA:92,13,0,0
BRDA:92,13,1,0
BRDA:93,14,0,0
BRDA:93,14,1,0
BRDA:93,15,0,0
BRDA:93,15,1,0
BRDA:94,16,0,0
BRDA:94,16,1,0
BRDA:94,17,0,0
BRDA:94,17,1,0
BRDA:95,18,0,0
BRDA:95,18,1,0
BRDA:95,19,0,0
BRDA:95,19,1,0
BRDA:95,20,0,0
BRDA:95,20,1,0
BRDA:96,21,0,0
BRDA:96,21,1,0
BRDA:96,22,0,0
BRDA:96,22,1,0
BRDA:97,23,0,0
BRDA:97,23,1,0
BRDA:97,24,0,0
BRDA:97,24,1,0
BRDA:98,25,0,0
BRDA:98,25,1,0
BRDA:98,26,0,0
BRDA:98,26,1,0
BRDA:107,27,0,0
BRDA:107,27,1,0
BRDA:107,28,0,0
BRDA:107,28,1,0
BRDA:108,29,0,0
BRDA:108,29,1,0
BRDA:110,30,0,0
BRDA:110,30,1,0
BRDA:113,31,0,0
BRDA:113,31,1,0
BRDA:115,32,0,0
BRDA:115,32,1,0
BRDA:117,33,0,0
BRDA:117,33,1,0
BRDA:117,33,2,0
BRDA:118,34,0,0
BRDA:118,34,1,0
BRDA:119,35,0,0
BRDA:119,35,1,0
BRDA:120,36,0,0
BRDA:120,36,1,0
BRDA:122,37,0,0
BRDA:122,37,1,0
BRDA:123,38,0,0
BRDA:123,38,1,0
BRDA:125,39,0,0
BRDA:131,40,0,0
BRDA:131,40,1,0
BRDA:132,41,0,0
BRDA:137,42,0,0
BRDA:138,43,0,0
BRDA:138,43,1,0
BRDA:138,44,0,0
BRDA:138,44,1,0
BRDA:139,45,0,0
BRDA:144,46,0,0
BRDA:144,46,1,0
BRDA:144,47,0,0
BRDA:144,47,1,0
BRDA:144,48,0,0
BRDA:144,48,1,0
BRDA:149,49,0,0
BRDA:153,50,0,0
BRDA:153,51,0,0
BRDA:153,51,1,0
BRDA:157,52,0,0
BRDA:162,53,0,0
BRDA:162,53,1,0
BRDA:171,54,0,0
BRDA:171,54,1,0
BRDA:172,55,0,0
BRDA:172,55,1,0
BRDA:196,56,0,2
BRDA:196,56,1,2
BRDA:196,57,0,2
BRDA:196,57,1,0
BRDA:196,58,0,2
BRDA:196,58,1,2
BRDA:196,59,0,2
BRDA:196,59,1,0
BRDA:196,60,0,2
BRDA:196,60,1,2
BRDA:200,61,0,2
BRDA:200,61,1,2
BRDA:200,62,0,2
BRDA:200,62,1,0
BRDA:200,63,0,2
BRDA:200,63,1,2
BRDA:200,64,0,2
BRDA:200,64,1,0
BRDA:200,65,0,2
BRDA:200,65,1,2
BRDA:204,66,0,6
BRDA:204,66,1,0
BRDA:204,67,0,6
BRDA:204,67,1,6
BRDA:217,68,0,0
BRDA:217,68,1,0
BRDA:217,69,0,0
BRDA:217,69,1,0
BRDA:218,70,0,0
BRDA:218,70,1,0
BRDA:218,71,0,0
BRDA:218,71,1,0
BRDA:218,72,0,0
BRDA:218,72,1,0
BRDA:218,73,0,0
BRDA:218,73,1,0
BRDA:219,74,0,0
BRDA:219,74,1,0
BRDA:225,75,0,4
BRDA:225,75,1,0
BRDA:225,75,2,0
BRDA:225,75,3,0
BRDA:225,76,0,4
BRDA:225,76,1,0
BRDA:225,77,0,4
BRDA:225,77,1,4
BRDA:226,78,0,0
BRDA:226,78,1,0
BRDA:226,79,0,0
BRDA:226,79,1,0
BRDA:227,80,0,0
BRDA:227,80,1,0
BRDA:227,81,0,0
BRDA:227,81,1,0
BRDA:228,82,0,0
BRDA:228,82,1,0
BRDA:228,83,0,0
BRDA:228,83,1,0
BRDA:229,84,0,4
BRDA:229,84,1,4
BRDA:229,84,2,4
BRDA:229,85,0,4
BRDA:229,85,1,0
BRDA:229,86,0,4
BRDA:229,86,1,4
BRDA:230,87,0,4
BRDA:230,87,1,0
BRDA:230,88,0,4
BRDA:230,88,1,4
BRDA:231,89,0,4
BRDA:231,89,1,0
BRDA:231,90,0,4
BRDA:231,90,1,4
BRDA:232,91,0,4
BRDA:232,91,1,0
BRDA:55,92,0,2
BRDA:55,92,1,0
BRDA:55,93,0,2
BRDA:55,93,1,2
BRDA:55,94,0,0
BRDA:55,94,1,2
BRDA:55,95,0,2
BRDA:55,95,1,0
BRDA:56,96,0,2
BRDA:56,96,1,0
BRDA:56,97,0,2
BRDA:56,97,1,2
BRDA:57,98,0,2
BRDA:57,98,1,0
BRDA:57,99,0,2
BRDA:57,99,1,2
BRDA:58,100,0,2
BRDA:58,100,1,0
BRDA:58,101,0,2
BRDA:58,101,1,2
BRF:199
BRH:52
end_of_record
TN:
SF:libs/feature/deployer/src/lib/query-global-state/query-global-state.component.html
FNF:0
FNH:0
DA:1,2
LF:1
LH:1
BRF:0
BRH:0
end_of_record
TN:
SF:libs/feature/deployer/src/lib/query-global-state/query-global-state.component.ts
FN:30,(anonymous_0)
FN:37,(anonymous_1)
FN:38,(anonymous_2)
FN:51,(anonymous_3)
FN:56,(anonymous_4)
FN:64,(anonymous_5)
FN:64,(anonymous_6)
FN:70,(anonymous_7)
FN:75,(anonymous_8)
FNF:9
FNH:4
FNDA:2,(anonymous_0)
FNDA:2,(anonymous_1)
FNDA:0,(anonymous_2)
FNDA:2,(anonymous_3)
FNDA:0,(anonymous_4)
FNDA:0,(anonymous_5)
FNDA:0,(anonymous_6)
FNDA:2,(anonymous_7)
FNDA:0,(anonymous_8)
DA:1,2
DA:2,2
DA:4,2
DA:6,2
DA:8,2
DA:18,2
DA:22,2
DA:23,2
DA:31,2
DA:32,2
DA:33,2
DA:34,2
DA:38,2
DA:39,0
DA:40,0
DA:41,0
DA:42,0
DA:44,0
DA:45,0
DA:47,0
DA:52,2
DA:53,2
DA:57,0
DA:58,0
DA:59,0
DA:64,0
DA:65,0
DA:66,0
DA:71,2
DA:76,0
LF:30
LH:16
BRDA:39,0,0,0
BRDA:39,0,1,0
BRDA:40,1,0,0
BRDA:40,1,1,0
BRDA:41,2,0,0
BRDA:44,3,0,0
BRDA:44,4,0,0
BRDA:44,4,1,0
BRDA:44,5,0,0
BRDA:44,5,1,0
BRDA:52,6,0,2
BRDA:52,6,1,2
BRDA:53,7,0,2
BRDA:53,7,1,0
BRDA:59,8,0,0
BRDA:59,8,1,0
BRDA:59,8,2,0
BRDA:65,9,0,0
BRDA:65,9,1,0
BRDA:71,10,0,2
BRDA:71,10,1,0
BRDA:72,11,0,0
BRDA:72,11,1,0
BRDA:72,12,0,0
BRDA:72,12,1,0
BRDA:31,13,0,2
BRDA:31,13,1,0
BRDA:31,14,0,2
BRDA:31,14,1,2
BRDA:31,15,0,2
BRDA:31,15,1,0
BRDA:31,16,0,2
BRDA:31,16,1,2
BRDA:32,17,0,2
BRDA:32,17,1,0
BRDA:32,18,0,2
BRDA:32,18,1,2
BRDA:33,19,0,0
BRDA:33,19,1,2
BRDA:33,20,0,2
BRDA:33,20,1,0
BRF:41
BRH:15
end_of_record
TN:
SF:libs/feature/deployer/src/lib/result/result.component.html
FNF:0
FNH:0
DA:1,2
LF:1
LH:1
BRF:0
BRH:0
end_of_record
TN:
SF:libs/feature/deployer/src/lib/result/result.component.ts
FN:25,(anonymous_0)
FN:30,(anonymous_1)
FN:31,(anonymous_2)
FN:39,(anonymous_3)
FN:43,(anonymous_4)
FN:47,(anonymous_5)
FN:53,(anonymous_6)
FN:57,(anonymous_7)
FN:61,(anonymous_8)
FN:65,(anonymous_9)
FNF:10
FNH:4
FNDA:2,(anonymous_0)
FNDA:2,(anonymous_1)
FNDA:0,(anonymous_2)
FNDA:2,(anonymous_3)
FNDA:0,(anonymous_4)
FNDA:0,(anonymous_5)
FNDA:0,(anonymous_6)
FNDA:0,(anonymous_7)
FNDA:4,(anonymous_8)
FNDA:0,(anonymous_9)
DA:1,2
DA:2,2
DA:3,2
DA:15,2
DA:26,2
DA:27,2
DA:31,2
DA:32,0
DA:33,0
DA:34,0
DA:35,0
DA:40,2
DA:44,0
DA:48,0
DA:49,0
DA:50,0
DA:54,0
DA:58,0
DA:62,4
DA:66,0
LF:20
LH:9
BRDA:40,0,0,2
BRDA:40,0,1,0
BRDA:62,1,0,4
BRDA:62,1,1,0
BRDA:62,2,0,4
BRDA:62,2,1,4
BRDA:62,3,0,4
BRDA:62,3,1,0
BRDA:62,4,0,4
BRDA:62,4,1,4
BRDA:26,5,0,2
BRDA:26,5,1,0
BRDA:26,6,0,2
BRDA:26,6,1,2
BRDA:26,7,0,2
BRDA:26,7,1,0
BRDA:26,8,0,2
BRDA:26,8,1,2
BRF:18
BRH:13
end_of_record
TN:
SF:libs/feature/deployer/src/lib/result/result.service.ts
FN:15,(anonymous_0)
FN:20,(anonymous_1)
FN:24,(anonymous_2)
FN:37,(anonymous_4)
FN:38,(anonymous_5)
FNF:5
FNH:2
FNDA:11,(anonymous_0)
FNDA:2,(anonymous_1)
FNDA:0,(anonymous_2)
FNDA:0,(anonymous_4)
FNDA:0,(anonymous_5)
DA:1,11
DA:2,11
DA:3,11
DA:4,11
DA:10,11
DA:12,11
DA:13,11
DA:16,11
DA:17,11
DA:21,2
DA:25,0
DA:26,0
DA:29,0
DA:30,0
DA:38,0
LF:15
LH:10
BRDA:32,0,0,0
BRDA:32,0,1,0
BRDA:33,1,0,0
BRDA:33,1,1,0
BRDA:38,2,0,0
BRDA:38,2,1,0
BRDA:38,3,0,0
BRDA:38,3,1,0
BRDA:16,4,0,11
BRDA:16,4,1,0
BRDA:16,5,0,11
BRDA:16,5,1,11
BRDA:16,6,0,11
BRDA:16,6,1,0
BRDA:16,7,0,11
BRDA:16,7,1,11
BRF:16
BRH:6
end_of_record
TN:
SF:libs/feature/deployer/src/lib/state-root-hash/state-root-hash.component.html
FNF:0
FNH:0
DA:1,2
LF:1
LH:1
BRF:0
BRH:0
end_of_record
TN:
SF:libs/feature/deployer/src/lib/state-root-hash/state-root-hash.component.ts
FN:27,(anonymous_0)
FN:94,(anonymous_1)
FN:35,(anonymous_2)
FN:39,(anonymous_3)
FN:45,(anonymous_4)
FN:46,(anonymous_5)
FN:56,(anonymous_6)
FN:60,(anonymous_7)
FN:74,(anonymous_8)
FN:75,(anonymous_9)
FN:81,(anonymous_10)
FN:83,(anonymous_11)
FN:90,(anonymous_12)
FNF:13
FNH:5
FNDA:2,(anonymous_0)
FNDA:0,(anonymous_1)
FNDA:2,(anonymous_2)
FNDA:2,(anonymous_3)
FNDA:2,(anonymous_4)
FNDA:0,(anonymous_5)
FNDA:0,(anonymous_6)
FNDA:4,(anonymous_7)
FNDA:0,(anonymous_8)
FNDA:0,(anonymous_9)
FNDA:0,(anonymous_10)
FNDA:0,(anonymous_11)
FNDA:0,(anonymous_12)
DA:1,2
DA:2,2
DA:4,2
DA:6,2
DA:7,2
DA:16,2
DA:22,2
DA:28,2
DA:29,2
DA:30,2
DA:31,2
DA:36,2
DA:40,2
DA:41,2
DA:42,2
DA:46,2
DA:47,0
DA:48,0
DA:49,0
DA:50,0
DA:51,0
DA:52,0
DA:57,0
DA:61,4
DA:62,4
DA:65,4
DA:66,4
DA:67,4
DA:69,0
DA:71,0
DA:75,0
DA:76,0
DA:77,0
DA:82,0
DA:83,0
DA:84,0
DA:85,0
DA:86,0
DA:91,0
DA:94,2
DA:95,0
LF:41
LH:22
BRDA:40,0,0,2
BRDA:40,0,1,0
BRDA:41,1,0,2
BRDA:41,1,1,2
BRDA:42,2,0,2
BRDA:42,2,1,0
BRDA:46,3,0,2
BRDA:46,3,1,2
BRDA:61,4,0,4
BRDA:61,4,1,0
BRDA:61,5,0,0
BRDA:61,5,1,4
BRDA:61,6,0,4
BRDA:61,6,1,4
BRDA:62,7,0,4
BRDA:62,7,1,4
BRDA:62,8,0,0
BRDA:62,8,1,4
BRDA:62,9,0,4
BRDA:62,9,1,4
BRDA:66,10,0,4
BRDA:66,10,1,0
BRDA:76,11,0,0
BRDA:76,11,1,0
BRDA:83,12,0,0
BRDA:83,12,1,0
BRDA:28,13,0,0
BRDA:28,13,1,2
BRDA:28,14,0,2
BRDA:28,14,1,0
BRDA:28,15,0,2
BRDA:28,15,1,0
BRDA:28,16,0,2
BRDA:28,16,1,2
BRDA:29,17,0,2
BRDA:29,17,1,0
BRDA:29,18,0,2
BRDA:29,18,1,2
BRDA:30,19,0,2
BRDA:30,19,1,0
BRDA:30,20,0,2
BRDA:30,20,1,2
BRF:42
BRH:27
end_of_record
TN:
SF:libs/feature/deployer/src/lib/transfer/transfer.component.html
FNF:0
FNH:0
DA:1,2
LF:1
LH:1
BRF:0
BRH:0
end_of_record
TN:
SF:libs/feature/deployer/src/lib/transfer/transfer.component.ts
FN:33,(anonymous_0)
FN:41,(anonymous_1)
FN:42,(anonymous_2)
FN:51,(anonymous_3)
FN:56,(anonymous_4)
FN:108,(anonymous_6)
FN:115,(anonymous_7)
FNF:7
FNH:4
FNDA:2,(anonymous_0)
FNDA:2,(anonymous_1)
FNDA:0,(anonymous_2)
FNDA:2,(anonymous_3)
FNDA:0,(anonymous_4)
FNDA:0,(anonymous_6)
FNDA:2,(anonymous_7)
DA:1,2
DA:2,2
DA:3,2
DA:4,2
DA:7,2
DA:10,2
DA:20,2
DA:21,2
DA:26,2
DA:34,2
DA:35,2
DA:36,2
DA:37,2
DA:38,2
DA:42,2
DA:43,0
DA:44,0
DA:46,0
DA:47,0
DA:52,2
DA:57,0
DA:58,0
DA:59,0
DA:61,0
DA:62,0
DA:63,0
DA:64,0
DA:66,0
DA:67,0
DA:70,0
DA:74,0
DA:75,0
DA:80,0
DA:82,0
DA:90,0
DA:91,0
DA:92,0
DA:93,0
DA:95,0
DA:96,0
DA:97,0
DA:98,0
DA:103,0
DA:104,0
DA:105,0
DA:106,0
DA:108,0
DA:109,0
DA:110,0
DA:111,0
DA:116,2
LF:51
LH:17
BRDA:43,0,0,0
BRDA:43,1,0,0
BRDA:43,1,1,0
BRDA:43,2,0,0
BRDA:43,2,1,0
BRDA:46,3,0,0
BRDA:46,3,1,0
BRDA:52,4,0,2
BRDA:52,4,1,2
BRDA:57,5,0,0
BRDA:62,6,0,0
BRDA:62,6,1,0
BRDA:62,7,0,0
BRDA:62,7,1,0
BRDA:63,8,0,0
BRDA:63,8,1,0
BRDA:63,9,0,0
BRDA:63,9,1,0
BRDA:64,10,0,0
BRDA:64,10,1,0
BRDA:64,11,0,0
BRDA:64,11,1,0
BRDA:66,12,0,0
BRDA:66,12,1,0
BRDA:74,13,0,0
BRDA:74,13,1,0
BRDA:83,14,0,0
BRDA:83,14,1,0
BRDA:84,15,0,0
BRDA:84,15,1,0
BRDA:84,16,0,0
BRDA:84,16,1,0
BRDA:84,17,0,0
BRDA:84,17,1,0
BRDA:90,18,0,0
BRDA:90,18,1,0
BRDA:90,18,2,0
BRDA:91,19,0,0
BRDA:97,20,0,0
BRDA:97,20,1,0
BRDA:98,21,0,0
BRDA:98,21,1,0
BRDA:98,22,0,0
BRDA:98,22,1,0
BRDA:98,23,0,0
BRDA:98,23,1,0
BRDA:104,24,0,0
BRDA:110,25,0,0
BRDA:110,25,1,0
BRDA:116,26,0,2
BRDA:116,26,1,0
BRDA:116,27,0,2
BRDA:116,27,1,0
BRDA:116,28,0,2
BRDA:116,28,1,2
BRDA:117,29,0,0
BRDA:117,29,1,0
BRDA:117,30,0,0
BRDA:117,30,1,0
BRDA:34,31,0,2
BRDA:34,31,1,0
BRDA:34,32,0,2
BRDA:34,32,1,2
BRDA:34,33,0,2
BRDA:34,33,1,0
BRDA:34,34,0,2
BRDA:34,34,1,2
BRDA:35,35,0,2
BRDA:35,35,1,0
BRDA:35,36,0,2
BRDA:35,36,1,2
BRDA:36,37,0,0
BRDA:36,37,1,2
BRDA:36,38,0,2
BRDA:36,38,1,0
BRDA:37,39,0,2
BRDA:37,39,1,0
BRDA:37,40,0,2
BRDA:37,40,1,2
BRF:79
BRH:20
end_of_record
TN:
SF:libs/feature/escrow/src/lib/escrow/escrow.component.html
FNF:0
FNH:0
DA:1,1
LF:1
LH:1
BRF:0
BRH:0
end_of_record
TN:
SF:libs/feature/escrow/src/lib/escrow/escrow.component.ts
FNF:0
FNH:0
DA:1,1
DA:2,1
DA:12,1
LF:3
LH:3
BRF:0
BRH:0
end_of_record
TN:
SF:libs/feature/escrower/src/lib/escrower/escrower.component.html
FNF:0
FNH:0
DA:1,1
LF:1
LH:1
BRF:0
BRH:0
end_of_record
TN:
SF:libs/feature/escrower/src/lib/escrower/escrower.component.ts
FN:31,(anonymous_0)
FN:36,(anonymous_1)
FN:40,(anonymous_2)
FN:44,(anonymous_3)
FN:46,(anonymous_4)
FNF:5
FNH:5
FNDA:1,(anonymous_0)
FNDA:1,(anonymous_1)
FNDA:1,(anonymous_2)
FNDA:1,(anonymous_3)
FNDA:1,(anonymous_4)
DA:1,1
DA:2,1
DA:3,1
DA:5,1
DA:6,1
DA:7,1
DA:8,1
DA:9,1
DA:25,1
DA:27,1
DA:32,1
DA:33,1
DA:37,1
DA:41,1
DA:46,1
DA:47,1
DA:48,0
DA:49,0
LF:18
LH:16
BRDA:41,0,0,1
BRDA:41,0,1,1
BRDA:47,1,0,0
BRDA:47,2,0,1
BRDA:47,2,1,0
BRDA:47,3,0,1
BRDA:47,3,1,1
BRDA:32,4,0,1
BRDA:32,4,1,0
BRDA:32,5,0,1
BRDA:32,5,1,1
BRDA:32,6,0,1
BRDA:32,6,1,0
BRDA:32,7,0,1
BRDA:32,7,1,1
BRF:15
BRH:11
end_of_record
TN:
SF:libs/feature/postman/src/lib/postman/postman.component.html
FNF:0
FNH:0
DA:1,1
LF:1
LH:1
BRF:0
BRH:0
end_of_record
TN:
SF:libs/feature/postman/src/lib/postman/postman.component.ts
FN:14,(anonymous_0)
FN:16,(anonymous_1)
FNF:2
FNH:2
FNDA:1,(anonymous_0)
FNDA:1,(anonymous_1)
DA:1,1
DA:2,1
DA:12,1
LF:3
LH:3
BRF:0
BRH:0
end_of_record
TN:
SF:libs/feature/seller/src/lib/seller/seller.component.html
FNF:0
FNH:0
DA:1,1
LF:1
LH:1
BRF:0
BRH:0
end_of_record
TN:
SF:libs/feature/seller/src/lib/seller/seller.component.ts
FN:14,(anonymous_0)
FN:16,(anonymous_1)
FNF:2
FNH:2
FNDA:1,(anonymous_0)
FNDA:1,(anonymous_1)
DA:1,1
DA:2,1
DA:13,1
LF:3
LH:3
BRF:0
BRH:0
end_of_record
TN:
SF:libs/ui/header/src/lib/header/header.component.html
FNF:0
FNH:0
DA:1,1
LF:1
LH:1
BRF:0
BRH:0
end_of_record
TN:
SF:libs/ui/header/src/lib/header/header.component.ts
FN:13,(anonymous_0)
FNF:1
FNH:1
FNDA:1,(anonymous_0)
DA:1,1
DA:2,1
DA:3,1
DA:13,1
DA:19,1
LF:5
LH:5
BRF:0
BRH:0
end_of_record
TN:
SF:libs/util/hihlight-webworker/src/lib/highlight.service.ts
FN:13,(anonymous_0)
FN:15,(anonymous_1)
FN:18,(anonymous_3)
FN:25,(anonymous_4)
FN:32,(anonymous_5)
FNF:5
FNH:5
FNDA:3,(anonymous_0)
FNDA:2,(anonymous_1)
FNDA:1,(anonymous_3)
FNDA:2,(anonymous_4)
FNDA:2,(anonymous_5)
DA:1,1
DA:3,1
DA:8,1
DA:13,3
DA:16,2
DA:17,2
DA:19,1
DA:21,2
DA:22,2
DA:26,2
DA:27,2
DA:28,2
DA:29,2
DA:33,2
DA:34,2
DA:35,2
LF:16
LH:16
BRDA:17,0,0,2
BRDA:17,0,1,2
BRDA:26,1,0,0
BRDA:33,2,0,0
BRF:4
BRH:2
end_of_record
TN:
SF:libs/util/hihlight-webworker/src/lib/util-hihlight-webworker.token.ts
FNF:0
FNH:0
DA:1,1
DA:4,1
LF:2
LH:2
BRF:0
BRH:0
end_of_record
TN:
SF:libs/util/services/routeur-hub/src/lib/routeur-hub.service.ts
FN:8,(anonymous_0)
FN:16,(anonymous_1)
FN:20,(anonymous_2)
FN:24,(anonymous_3)
FN:28,(anonymous_4)
FNF:5
FNH:1
FNDA:1,(anonymous_0)
FNDA:0,(anonymous_1)
FNDA:0,(anonymous_2)
FNDA:0,(anonymous_3)
FNDA:0,(anonymous_4)
DA:1,1
DA:3,1
DA:8,1
DA:10,1
DA:11,1
DA:12,1
DA:13,1
DA:14,1
DA:17,0
DA:21,0
DA:25,0
DA:29,0
LF:12
LH:8
BRF:0
BRH:0
end_of_record
